[05-Jul-2022 10:00:36 UTC] PHP Deprecated:  Function create_function() is deprecated in /Applications/MAMP/htdocs/wp-content/plugins/bbs-e-popup/BBSe_Popup.php on line 69
[05-Jul-2022 10:00:38 UTC] PHP Deprecated:  Function create_function() is deprecated in /Applications/MAMP/htdocs/wp-content/plugins/bbs-e-popup/BBSe_Popup.php on line 69
[05-Jul-2022 10:00:38 UTC] PHP Deprecated:  Function create_function() is deprecated in /Applications/MAMP/htdocs/wp-content/plugins/bbs-e-popup/BBSe_Popup.php on line 69
[05-Jul-2022 10:00:46 UTC] Xdebug: [Step Debug] Could not connect to debugging client. Tried: localhost:9003 (through xdebug.client_host/xdebug.client_port) :-(
[05-Jul-2022 10:00:46 UTC] Xdebug: [Step Debug] Could not connect to debugging client. Tried: localhost:9003 (through xdebug.client_host/xdebug.client_port) :-(
[05-Jul-2022 10:00:46 UTC] Xdebug: [Step Debug] Could not connect to debugging client. Tried: localhost:9003 (through xdebug.client_host/xdebug.client_port) :-(
[05-Jul-2022 10:00:46 UTC] Xdebug: [Step Debug] Could not connect to debugging client. Tried: localhost:9003 (through xdebug.client_host/xdebug.client_port) :-(
[05-Jul-2022 10:00:46 UTC] Xdebug: [Step Debug] Could not connect to debugging client. Tried: localhost:9003 (through xdebug.client_host/xdebug.client_port) :-(
[05-Jul-2022 10:00:47 UTC] PHP Deprecated:  Function create_function() is deprecated in /Applications/MAMP/htdocs/wp-content/plugins/bbs-e-popup/BBSe_Popup.php on line 69
[05-Jul-2022 10:00:47 UTC] PHP Deprecated:  Function create_function() is deprecated in /Applications/MAMP/htdocs/wp-content/plugins/bbs-e-popup/BBSe_Popup.php on line 69
[05-Jul-2022 10:01:26 UTC] PHP Deprecated:  Function create_function() is deprecated in /Applications/MAMP/htdocs/wp-content/plugins/bbs-e-popup/BBSe_Popup.php on line 69
[05-Jul-2022 10:01:27 UTC] PHP Deprecated:  Function create_function() is deprecated in /Applications/MAMP/htdocs/wp-content/plugins/bbs-e-popup/BBSe_Popup.php on line 69
[05-Jul-2022 10:01:28 UTC] PHP Deprecated:  Function create_function() is deprecated in /Applications/MAMP/htdocs/wp-content/plugins/bbs-e-popup/BBSe_Popup.php on line 69
[05-Jul-2022 10:01:29 UTC] PHP Deprecated:  Function create_function() is deprecated in /Applications/MAMP/htdocs/wp-content/plugins/bbs-e-popup/BBSe_Popup.php on line 69
[05-Jul-2022 10:01:29 UTC] PHP Deprecated:  Function create_function() is deprecated in /Applications/MAMP/htdocs/wp-content/plugins/bbs-e-popup/BBSe_Popup.php on line 69
[05-Jul-2022 10:01:30 UTC] PHP Deprecated:  Function create_function() is deprecated in /Applications/MAMP/htdocs/wp-content/plugins/bbs-e-popup/BBSe_Popup.php on line 69
[05-Jul-2022 10:01:31 UTC] PHP Notice:  Undefined variable: post in /Applications/MAMP/htdocs/wp-content/plugins/masterstudy-lms-learning-management-system/stm-lms-templates/course/parts/lesson.php on line 50
[05-Jul-2022 10:01:31 UTC] PHP Notice:  Undefined index: bbse_pid in /Applications/MAMP/htdocs/wp-content/plugins/bbs-e-popup/lib/function.php on line 190
[05-Jul-2022 10:01:31 UTC] PHP Notice:  Undefined index: preview in /Applications/MAMP/htdocs/wp-content/plugins/bbs-e-popup/lib/function.php on line 191
[05-Jul-2022 10:01:31 UTC] PHP Notice:  Undefined index: bbse_pid in /Applications/MAMP/htdocs/wp-content/plugins/bbs-e-popup/lib/function.php on line 190
[05-Jul-2022 10:01:31 UTC] PHP Notice:  Undefined index: preview in /Applications/MAMP/htdocs/wp-content/plugins/bbs-e-popup/lib/function.php on line 191
[05-Jul-2022 10:01:31 UTC] Xdebug: [Step Debug] Could not connect to debugging client. Tried: localhost:9003 (through xdebug.client_host/xdebug.client_port) :-(
[05-Jul-2022 10:01:31 UTC] Xdebug: [Step Debug] Could not connect to debugging client. Tried: localhost:9003 (through xdebug.client_host/xdebug.client_port) :-(
[05-Jul-2022 10:01:31 UTC] Xdebug: [Step Debug] Could not connect to debugging client. Tried: localhost:9003 (through xdebug.client_host/xdebug.client_port) :-(
[05-Jul-2022 10:01:31 UTC] Xdebug: [Step Debug] Could not connect to debugging client. Tried: localhost:9003 (through xdebug.client_host/xdebug.client_port) :-(
[05-Jul-2022 10:01:31 UTC] Xdebug: [Step Debug] Could not connect to debugging client. Tried: localhost:9003 (through xdebug.client_host/xdebug.client_port) :-(
[05-Jul-2022 10:01:32 UTC] PHP Deprecated:  Function create_function() is deprecated in /Applications/MAMP/htdocs/wp-content/plugins/bbs-e-popup/BBSe_Popup.php on line 69
[05-Jul-2022 10:01:32 UTC] PHP Deprecated:  Function create_function() is deprecated in /Applications/MAMP/htdocs/wp-content/plugins/bbs-e-popup/BBSe_Popup.php on line 69
[05-Jul-2022 10:01:32 UTC] PHP Deprecated:  Function create_function() is deprecated in /Applications/MAMP/htdocs/wp-content/plugins/bbs-e-popup/BBSe_Popup.php on line 69
[05-Jul-2022 10:01:33 UTC] PHP Deprecated:  Function create_function() is deprecated in /Applications/MAMP/htdocs/wp-content/plugins/bbs-e-popup/BBSe_Popup.php on line 69
[05-Jul-2022 10:01:56 UTC] PHP Deprecated:  Function create_function() is deprecated in /Applications/MAMP/htdocs/wp-content/plugins/bbs-e-popup/BBSe_Popup.php on line 69
[05-Jul-2022 10:02:01 UTC] Xdebug: [Step Debug] Could not connect to debugging client. Tried: localhost:9003 (through xdebug.client_host/xdebug.client_port) :-(
[05-Jul-2022 10:02:01 UTC] Xdebug: [Step Debug] Could not connect to debugging client. Tried: localhost:9003 (through xdebug.client_host/xdebug.client_port) :-(
[05-Jul-2022 10:02:01 UTC] Xdebug: [Step Debug] Could not connect to debugging client. Tried: localhost:9003 (through xdebug.client_host/xdebug.client_port) :-(
[05-Jul-2022 10:02:01 UTC] Xdebug: [Step Debug] Could not connect to debugging client. Tried: localhost:9003 (through xdebug.client_host/xdebug.client_port) :-(
[05-Jul-2022 10:02:01 UTC] Xdebug: [Step Debug] Could not connect to debugging client. Tried: localhost:9003 (through xdebug.client_host/xdebug.client_port) :-(
[05-Jul-2022 10:02:02 UTC] PHP Deprecated:  Function create_function() is deprecated in /Applications/MAMP/htdocs/wp-content/plugins/bbs-e-popup/BBSe_Popup.php on line 69
[05-Jul-2022 10:02:02 UTC] PHP Deprecated:  Function create_function() is deprecated in /Applications/MAMP/htdocs/wp-content/plugins/bbs-e-popup/BBSe_Popup.php on line 69
[05-Jul-2022 10:02:14 UTC] PHP Deprecated:  Function create_function() is deprecated in /Applications/MAMP/htdocs/wp-content/plugins/bbs-e-popup/BBSe_Popup.php on line 69
[05-Jul-2022 10:02:17 UTC] PHP Deprecated:  Function create_function() is deprecated in /Applications/MAMP/htdocs/wp-content/plugins/bbs-e-popup/BBSe_Popup.php on line 69
[05-Jul-2022 10:02:23 UTC] Xdebug: [Step Debug] Could not connect to debugging client. Tried: localhost:9003 (through xdebug.client_host/xdebug.client_port) :-(
[05-Jul-2022 10:02:23 UTC] Xdebug: [Step Debug] Could not connect to debugging client. Tried: localhost:9003 (through xdebug.client_host/xdebug.client_port) :-(
[05-Jul-2022 10:02:23 UTC] Xdebug: [Step Debug] Could not connect to debugging client. Tried: localhost:9003 (through xdebug.client_host/xdebug.client_port) :-(
[05-Jul-2022 10:02:23 UTC] Xdebug: [Step Debug] Could not connect to debugging client. Tried: localhost:9003 (through xdebug.client_host/xdebug.client_port) :-(
[05-Jul-2022 10:02:23 UTC] Xdebug: [Step Debug] Could not connect to debugging client. Tried: localhost:9003 (through xdebug.client_host/xdebug.client_port) :-(
[05-Jul-2022 10:02:23 UTC] Xdebug: [Step Debug] Could not connect to debugging client. Tried: localhost:9003 (through xdebug.client_host/xdebug.client_port) :-(
[05-Jul-2022 10:02:23 UTC] PHP Deprecated:  Function create_function() is deprecated in /Applications/MAMP/htdocs/wp-content/plugins/bbs-e-popup/BBSe_Popup.php on line 69
[05-Jul-2022 10:02:23 UTC] PHP Deprecated:  Function create_function() is deprecated in /Applications/MAMP/htdocs/wp-content/plugins/bbs-e-popup/BBSe_Popup.php on line 69
[05-Jul-2022 10:02:42 UTC] PHP Deprecated:  Function create_function() is deprecated in /Applications/MAMP/htdocs/wp-content/plugins/bbs-e-popup/BBSe_Popup.php on line 69
[05-Jul-2022 10:02:48 UTC] PHP Deprecated:  Function create_function() is deprecated in /Applications/MAMP/htdocs/wp-content/plugins/bbs-e-popup/BBSe_Popup.php on line 69
[05-Jul-2022 10:03:25 UTC] PHP Deprecated:  Function create_function() is deprecated in /Applications/MAMP/htdocs/wp-content/plugins/bbs-e-popup/BBSe_Popup.php on line 69
[05-Jul-2022 10:03:26 UTC] PHP Deprecated:  Function create_function() is deprecated in /Applications/MAMP/htdocs/wp-content/plugins/bbs-e-popup/BBSe_Popup.php on line 69
[05-Jul-2022 10:05:26 UTC] PHP Deprecated:  Function create_function() is deprecated in /Applications/MAMP/htdocs/wp-content/plugins/bbs-e-popup/BBSe_Popup.php on line 69
[05-Jul-2022 10:05:27 UTC] PHP Deprecated:  Function create_function() is deprecated in /Applications/MAMP/htdocs/wp-content/plugins/bbs-e-popup/BBSe_Popup.php on line 69
[05-Jul-2022 10:07:27 UTC] PHP Deprecated:  Function create_function() is deprecated in /Applications/MAMP/htdocs/wp-content/plugins/bbs-e-popup/BBSe_Popup.php on line 69
[05-Jul-2022 10:07:29 UTC] PHP Deprecated:  Function create_function() is deprecated in /Applications/MAMP/htdocs/wp-content/plugins/bbs-e-popup/BBSe_Popup.php on line 69
[05-Jul-2022 10:09:32 UTC] PHP Deprecated:  Function create_function() is deprecated in /Applications/MAMP/htdocs/wp-content/plugins/bbs-e-popup/BBSe_Popup.php on line 69
[05-Jul-2022 10:09:33 UTC] PHP Deprecated:  Function create_function() is deprecated in /Applications/MAMP/htdocs/wp-content/plugins/bbs-e-popup/BBSe_Popup.php on line 69
[05-Jul-2022 10:11:34 UTC] PHP Deprecated:  Function create_function() is deprecated in /Applications/MAMP/htdocs/wp-content/plugins/bbs-e-popup/BBSe_Popup.php on line 69
[05-Jul-2022 10:11:35 UTC] PHP Deprecated:  Function create_function() is deprecated in /Applications/MAMP/htdocs/wp-content/plugins/bbs-e-popup/BBSe_Popup.php on line 69
[06-Jul-2022 01:34:38 UTC] PHP Deprecated:  Function create_function() is deprecated in /Applications/MAMP/htdocs/wp-content/plugins/bbs-e-popup/BBSe_Popup.php on line 69
[06-Jul-2022 01:34:40 UTC] PHP Deprecated:  Function create_function() is deprecated in /Applications/MAMP/htdocs/wp-content/plugins/bbs-e-popup/BBSe_Popup.php on line 69
[06-Jul-2022 01:36:44 UTC] PHP Deprecated:  Function create_function() is deprecated in /Applications/MAMP/htdocs/wp-content/plugins/bbs-e-popup/BBSe_Popup.php on line 69
[06-Jul-2022 01:36:46 UTC] PHP Deprecated:  Function create_function() is deprecated in /Applications/MAMP/htdocs/wp-content/plugins/bbs-e-popup/BBSe_Popup.php on line 69
[06-Jul-2022 01:38:45 UTC] PHP Deprecated:  Function create_function() is deprecated in /Applications/MAMP/htdocs/wp-content/plugins/bbs-e-popup/BBSe_Popup.php on line 69
[06-Jul-2022 01:38:46 UTC] PHP Deprecated:  Function create_function() is deprecated in /Applications/MAMP/htdocs/wp-content/plugins/bbs-e-popup/BBSe_Popup.php on line 69
[06-Jul-2022 01:40:52 UTC] PHP Deprecated:  Function create_function() is deprecated in /Applications/MAMP/htdocs/wp-content/plugins/bbs-e-popup/BBSe_Popup.php on line 69
[06-Jul-2022 01:40:53 UTC] PHP Deprecated:  Function create_function() is deprecated in /Applications/MAMP/htdocs/wp-content/plugins/bbs-e-popup/BBSe_Popup.php on line 69
[06-Jul-2022 01:43:06 UTC] PHP Deprecated:  Function create_function() is deprecated in /Applications/MAMP/htdocs/wp-content/plugins/bbs-e-popup/BBSe_Popup.php on line 69
[06-Jul-2022 01:43:08 UTC] PHP Deprecated:  Function create_function() is deprecated in /Applications/MAMP/htdocs/wp-content/plugins/bbs-e-popup/BBSe_Popup.php on line 69
[06-Jul-2022 01:45:14 UTC] PHP Deprecated:  Function create_function() is deprecated in /Applications/MAMP/htdocs/wp-content/plugins/bbs-e-popup/BBSe_Popup.php on line 69
[06-Jul-2022 01:45:16 UTC] PHP Deprecated:  Function create_function() is deprecated in /Applications/MAMP/htdocs/wp-content/plugins/bbs-e-popup/BBSe_Popup.php on line 69
[06-Jul-2022 02:04:55 UTC] PHP Deprecated:  Function create_function() is deprecated in /Applications/MAMP/htdocs/wp-content/plugins/bbs-e-popup/BBSe_Popup.php on line 69
[06-Jul-2022 02:04:56 UTC] PHP Deprecated:  Function create_function() is deprecated in /Applications/MAMP/htdocs/wp-content/plugins/bbs-e-popup/BBSe_Popup.php on line 69
[06-Jul-2022 02:05:58 UTC] PHP Deprecated:  Function create_function() is deprecated in /Applications/MAMP/htdocs/wp-content/plugins/bbs-e-popup/BBSe_Popup.php on line 69
[06-Jul-2022 02:05:59 UTC] PHP Deprecated:  Function create_function() is deprecated in /Applications/MAMP/htdocs/wp-content/plugins/bbs-e-popup/BBSe_Popup.php on line 69
[06-Jul-2022 02:10:09 UTC] PHP Deprecated:  Function create_function() is deprecated in /Applications/MAMP/htdocs/wp-content/plugins/bbs-e-popup/BBSe_Popup.php on line 69
[06-Jul-2022 02:10:11 UTC] PHP Deprecated:  Function create_function() is deprecated in /Applications/MAMP/htdocs/wp-content/plugins/bbs-e-popup/BBSe_Popup.php on line 69
[06-Jul-2022 02:12:23 UTC] PHP Deprecated:  Function create_function() is deprecated in /Applications/MAMP/htdocs/wp-content/plugins/bbs-e-popup/BBSe_Popup.php on line 69
[06-Jul-2022 02:12:25 UTC] PHP Deprecated:  Function create_function() is deprecated in /Applications/MAMP/htdocs/wp-content/plugins/bbs-e-popup/BBSe_Popup.php on line 69
[06-Jul-2022 02:14:44 UTC] PHP Deprecated:  Function create_function() is deprecated in /Applications/MAMP/htdocs/wp-content/plugins/bbs-e-popup/BBSe_Popup.php on line 69
[06-Jul-2022 02:14:46 UTC] PHP Deprecated:  Function create_function() is deprecated in /Applications/MAMP/htdocs/wp-content/plugins/bbs-e-popup/BBSe_Popup.php on line 69
[06-Jul-2022 02:15:48 UTC] PHP Deprecated:  Function create_function() is deprecated in /Applications/MAMP/htdocs/wp-content/plugins/bbs-e-popup/BBSe_Popup.php on line 69
[06-Jul-2022 02:15:49 UTC] PHP Deprecated:  Function create_function() is deprecated in /Applications/MAMP/htdocs/wp-content/plugins/bbs-e-popup/BBSe_Popup.php on line 69
[06-Jul-2022 02:15:54 UTC] PHP Deprecated:  Function create_function() is deprecated in /Applications/MAMP/htdocs/wp-content/plugins/bbs-e-popup/BBSe_Popup.php on line 69
[06-Jul-2022 02:15:58 UTC] Xdebug: [Step Debug] Could not connect to debugging client. Tried: localhost:9003 (through xdebug.client_host/xdebug.client_port) :-(
[06-Jul-2022 02:15:58 UTC] Xdebug: [Step Debug] Could not connect to debugging client. Tried: localhost:9003 (through xdebug.client_host/xdebug.client_port) :-(
[06-Jul-2022 02:15:58 UTC] Xdebug: [Step Debug] Could not connect to debugging client. Tried: localhost:9003 (through xdebug.client_host/xdebug.client_port) :-(
[06-Jul-2022 02:15:58 UTC] Xdebug: [Step Debug] Could not connect to debugging client. Tried: localhost:9003 (through xdebug.client_host/xdebug.client_port) :-(
[06-Jul-2022 02:15:58 UTC] Xdebug: [Step Debug] Could not connect to debugging client. Tried: localhost:9003 (through xdebug.client_host/xdebug.client_port) :-(
[06-Jul-2022 02:15:59 UTC] PHP Deprecated:  Function create_function() is deprecated in /Applications/MAMP/htdocs/wp-content/plugins/bbs-e-popup/BBSe_Popup.php on line 69
[06-Jul-2022 02:15:59 UTC] PHP Deprecated:  Function create_function() is deprecated in /Applications/MAMP/htdocs/wp-content/plugins/bbs-e-popup/BBSe_Popup.php on line 69
[06-Jul-2022 02:15:59 UTC] PHP Deprecated:  Function create_function() is deprecated in /Applications/MAMP/htdocs/wp-content/plugins/bbs-e-popup/BBSe_Popup.php on line 69
[06-Jul-2022 02:16:00 UTC] PHP Deprecated:  Function create_function() is deprecated in /Applications/MAMP/htdocs/wp-content/plugins/bbs-e-popup/BBSe_Popup.php on line 69
[06-Jul-2022 02:16:01 UTC] PHP Deprecated:  Function create_function() is deprecated in /Applications/MAMP/htdocs/wp-content/plugins/bbs-e-popup/BBSe_Popup.php on line 69
[06-Jul-2022 02:16:14 UTC] PHP Deprecated:  Function create_function() is deprecated in /Applications/MAMP/htdocs/wp-content/plugins/bbs-e-popup/BBSe_Popup.php on line 69
[06-Jul-2022 02:17:14 UTC] PHP Deprecated:  Function create_function() is deprecated in /Applications/MAMP/htdocs/wp-content/plugins/bbs-e-popup/BBSe_Popup.php on line 69
[06-Jul-2022 02:17:15 UTC] PHP Deprecated:  Function create_function() is deprecated in /Applications/MAMP/htdocs/wp-content/plugins/bbs-e-popup/BBSe_Popup.php on line 69
[06-Jul-2022 02:17:29 UTC] PHP Deprecated:  Function create_function() is deprecated in /Applications/MAMP/htdocs/wp-content/plugins/bbs-e-popup/BBSe_Popup.php on line 69
