2023-03-20T03:45:53+00:00 CRITICAL Uncaught Error: Call to undefined function table_list() in /Applications/MAMP/htdocs/wp-content/themes/masterstudy/page.php:241
Stack trace:
#0 /Applications/MAMP/htdocs/wp-includes/template-loader.php(106): include()
#1 /Applications/MAMP/htdocs/wp-blog-header.php(19): require_once('/Applications/M...')
#2 /Applications/MAMP/htdocs/index.php(17): require('/Applications/M...')
#3 {main}
  thrown(/Applications/MAMP/htdocs/wp-content/themes/masterstudy/page.php, 줄 241)

2023-03-20T03:46:10+00:00 CRITICAL Uncaught Error: Call to undefined function table_list() in /Applications/MAMP/htdocs/wp-content/themes/masterstudy/page.php:241
Stack trace:
#0 /Applications/MAMP/htdocs/wp-includes/template-loader.php(106): include()
#1 /Applications/MAMP/htdocs/wp-blog-header.php(19): require_once('/Applications/M...')
#2 /Applications/MAMP/htdocs/index.php(17): require('/Applications/M...')
#3 {main}
  thrown(/Applications/MAMP/htdocs/wp-content/themes/masterstudy/page.php, 줄 241)

2023-03-20T03:46:15+00:00 CRITICAL Uncaught Error: Call to undefined function table_list() in /Applications/MAMP/htdocs/wp-content/themes/masterstudy/page.php:241
Stack trace:
#0 /Applications/MAMP/htdocs/wp-includes/template-loader.php(106): include()
#1 /Applications/MAMP/htdocs/wp-blog-header.php(19): require_once('/Applications/M...')
#2 /Applications/MAMP/htdocs/index.php(17): require('/Applications/M...')
#3 {main}
  thrown(/Applications/MAMP/htdocs/wp-content/themes/masterstudy/page.php, 줄 241)

2023-03-20T03:46:26+00:00 CRITICAL Uncaught Error: Call to undefined function table_list() in /Applications/MAMP/htdocs/wp-content/themes/masterstudy/page.php:241
Stack trace:
#0 /Applications/MAMP/htdocs/wp-includes/template-loader.php(106): include()
#1 /Applications/MAMP/htdocs/wp-blog-header.php(19): require_once('/Applications/M...')
#2 /Applications/MAMP/htdocs/index.php(17): require('/Applications/M...')
#3 {main}
  thrown(/Applications/MAMP/htdocs/wp-content/themes/masterstudy/page.php, 줄 241)

2023-03-20T05:23:34+00:00 CRITICAL Uncaught Error: Call to undefined function table_list() in /Applications/MAMP/htdocs/wp-content/themes/masterstudy/page.php:241
Stack trace:
#0 /Applications/MAMP/htdocs/wp-includes/template-loader.php(106): include()
#1 /Applications/MAMP/htdocs/wp-blog-header.php(19): require_once('/Applications/M...')
#2 /Applications/MAMP/htdocs/index.php(17): require('/Applications/M...')
#3 {main}
  thrown(/Applications/MAMP/htdocs/wp-content/themes/masterstudy/page.php, 줄 241)

2023-03-20T05:23:56+00:00 CRITICAL Uncaught Error: Call to undefined function table_list() in /Applications/MAMP/htdocs/wp-content/themes/masterstudy/page.php:241
Stack trace:
#0 /Applications/MAMP/htdocs/wp-includes/template-loader.php(106): include()
#1 /Applications/MAMP/htdocs/wp-blog-header.php(19): require_once('/Applications/M...')
#2 /Applications/MAMP/htdocs/index.php(17): require('/Applications/M...')
#3 {main}
  thrown(/Applications/MAMP/htdocs/wp-content/themes/masterstudy/page.php, 줄 241)

2023-03-20T07:31:24+00:00 CRITICAL Uncaught Error: Call to undefined function table_list() in /Applications/MAMP/htdocs/wp-content/themes/masterstudy/page.php:241
Stack trace:
#0 /Applications/MAMP/htdocs/wp-includes/template-loader.php(106): include()
#1 /Applications/MAMP/htdocs/wp-blog-header.php(19): require_once('/Applications/M...')
#2 /Applications/MAMP/htdocs/index.php(17): require('/Applications/M...')
#3 {main}
  thrown(/Applications/MAMP/htdocs/wp-content/themes/masterstudy/page.php, 줄 241)

2023-03-20T07:39:51+00:00 CRITICAL Uncaught Error: Call to undefined function table_list() in /Applications/MAMP/htdocs/wp-content/themes/masterstudy/page.php:241
Stack trace:
#0 /Applications/MAMP/htdocs/wp-includes/template-loader.php(106): include()
#1 /Applications/MAMP/htdocs/wp-blog-header.php(19): require_once('/Applications/M...')
#2 /Applications/MAMP/htdocs/index.php(17): require('/Applications/M...')
#3 {main}
  thrown(/Applications/MAMP/htdocs/wp-content/themes/masterstudy/page.php, 줄 241)

2023-03-20T07:40:01+00:00 CRITICAL Uncaught Error: Call to undefined function table_list() in /Applications/MAMP/htdocs/wp-content/themes/masterstudy/page.php:241
Stack trace:
#0 /Applications/MAMP/htdocs/wp-includes/template-loader.php(106): include()
#1 /Applications/MAMP/htdocs/wp-blog-header.php(19): require_once('/Applications/M...')
#2 /Applications/MAMP/htdocs/index.php(17): require('/Applications/M...')
#3 {main}
  thrown(/Applications/MAMP/htdocs/wp-content/themes/masterstudy/page.php, 줄 241)

2023-03-20T07:40:15+00:00 CRITICAL Uncaught Error: Call to undefined function table_list() in /Applications/MAMP/htdocs/wp-content/themes/masterstudy/page.php:241
Stack trace:
#0 /Applications/MAMP/htdocs/wp-includes/template-loader.php(106): include()
#1 /Applications/MAMP/htdocs/wp-blog-header.php(19): require_once('/Applications/M...')
#2 /Applications/MAMP/htdocs/index.php(17): require('/Applications/M...')
#3 {main}
  thrown(/Applications/MAMP/htdocs/wp-content/themes/masterstudy/page.php, 줄 241)

2023-03-20T07:40:22+00:00 CRITICAL Uncaught Error: Call to undefined function table_list() in /Applications/MAMP/htdocs/wp-content/themes/masterstudy/page.php:241
Stack trace:
#0 /Applications/MAMP/htdocs/wp-includes/template-loader.php(106): include()
#1 /Applications/MAMP/htdocs/wp-blog-header.php(19): require_once('/Applications/M...')
#2 /Applications/MAMP/htdocs/index.php(17): require('/Applications/M...')
#3 {main}
  thrown(/Applications/MAMP/htdocs/wp-content/themes/masterstudy/page.php, 줄 241)

2023-03-20T07:41:08+00:00 CRITICAL Uncaught Error: Call to undefined function table_list() in /Applications/MAMP/htdocs/wp-content/themes/masterstudy/page.php:241
Stack trace:
#0 /Applications/MAMP/htdocs/wp-includes/template-loader.php(106): include()
#1 /Applications/MAMP/htdocs/wp-blog-header.php(19): require_once('/Applications/M...')
#2 /Applications/MAMP/htdocs/index.php(17): require('/Applications/M...')
#3 {main}
  thrown(/Applications/MAMP/htdocs/wp-content/themes/masterstudy/page.php, 줄 241)

2023-03-20T07:42:06+00:00 CRITICAL Uncaught Error: Call to undefined function table_list() in /Applications/MAMP/htdocs/wp-content/themes/masterstudy/page.php:241
Stack trace:
#0 /Applications/MAMP/htdocs/wp-includes/template-loader.php(106): include()
#1 /Applications/MAMP/htdocs/wp-blog-header.php(19): require_once('/Applications/M...')
#2 /Applications/MAMP/htdocs/index.php(17): require('/Applications/M...')
#3 {main}
  thrown(/Applications/MAMP/htdocs/wp-content/themes/masterstudy/page.php, 줄 241)

2023-03-20T07:42:13+00:00 CRITICAL Uncaught Error: Call to undefined function table_list() in /Applications/MAMP/htdocs/wp-content/themes/masterstudy/page.php:241
Stack trace:
#0 /Applications/MAMP/htdocs/wp-includes/template-loader.php(106): include()
#1 /Applications/MAMP/htdocs/wp-blog-header.php(19): require_once('/Applications/M...')
#2 /Applications/MAMP/htdocs/index.php(17): require('/Applications/M...')
#3 {main}
  thrown(/Applications/MAMP/htdocs/wp-content/themes/masterstudy/page.php, 줄 241)

2023-03-20T08:21:33+00:00 CRITICAL Uncaught Error: Call to undefined function table_list() in /Applications/MAMP/htdocs/wp-content/themes/masterstudy/page.php:241
Stack trace:
#0 /Applications/MAMP/htdocs/wp-includes/template-loader.php(106): include()
#1 /Applications/MAMP/htdocs/wp-blog-header.php(19): require_once('/Applications/M...')
#2 /Applications/MAMP/htdocs/index.php(17): require('/Applications/M...')
#3 {main}
  thrown(/Applications/MAMP/htdocs/wp-content/themes/masterstudy/page.php, 줄 241)

2023-03-20T08:21:39+00:00 CRITICAL Uncaught Error: Call to undefined function table_list() in /Applications/MAMP/htdocs/wp-content/themes/masterstudy/page.php:241
Stack trace:
#0 /Applications/MAMP/htdocs/wp-includes/template-loader.php(106): include()
#1 /Applications/MAMP/htdocs/wp-blog-header.php(19): require_once('/Applications/M...')
#2 /Applications/MAMP/htdocs/index.php(17): require('/Applications/M...')
#3 {main}
  thrown(/Applications/MAMP/htdocs/wp-content/themes/masterstudy/page.php, 줄 241)

2023-03-20T08:21:43+00:00 CRITICAL Uncaught Error: Call to undefined function table_list() in /Applications/MAMP/htdocs/wp-content/themes/masterstudy/page.php:241
Stack trace:
#0 /Applications/MAMP/htdocs/wp-includes/template-loader.php(106): include()
#1 /Applications/MAMP/htdocs/wp-blog-header.php(19): require_once('/Applications/M...')
#2 /Applications/MAMP/htdocs/index.php(17): require('/Applications/M...')
#3 {main}
  thrown(/Applications/MAMP/htdocs/wp-content/themes/masterstudy/page.php, 줄 241)

2023-03-20T08:22:24+00:00 CRITICAL Uncaught Error: Call to undefined function table_list() in /Applications/MAMP/htdocs/wp-content/themes/masterstudy/page.php:241
Stack trace:
#0 /Applications/MAMP/htdocs/wp-includes/template-loader.php(106): include()
#1 /Applications/MAMP/htdocs/wp-blog-header.php(19): require_once('/Applications/M...')
#2 /Applications/MAMP/htdocs/index.php(17): require('/Applications/M...')
#3 {main}
  thrown(/Applications/MAMP/htdocs/wp-content/themes/masterstudy/page.php, 줄 241)

2023-03-20T08:22:35+00:00 CRITICAL Uncaught Error: Call to undefined function table_list() in /Applications/MAMP/htdocs/wp-content/themes/masterstudy/page.php:241
Stack trace:
#0 /Applications/MAMP/htdocs/wp-includes/template-loader.php(106): include()
#1 /Applications/MAMP/htdocs/wp-blog-header.php(19): require_once('/Applications/M...')
#2 /Applications/MAMP/htdocs/index.php(17): require('/Applications/M...')
#3 {main}
  thrown(/Applications/MAMP/htdocs/wp-content/themes/masterstudy/page.php, 줄 241)

2023-03-20T08:47:28+00:00 CRITICAL Uncaught Error: Call to undefined function table_list() in /Applications/MAMP/htdocs/wp-content/themes/masterstudy/page.php:241
Stack trace:
#0 /Applications/MAMP/htdocs/wp-includes/template-loader.php(106): include()
#1 /Applications/MAMP/htdocs/wp-blog-header.php(19): require_once('/Applications/M...')
#2 /Applications/MAMP/htdocs/index.php(17): require('/Applications/M...')
#3 {main}
  thrown(/Applications/MAMP/htdocs/wp-content/themes/masterstudy/page.php, 줄 241)

2023-03-20T08:47:58+00:00 CRITICAL Uncaught Error: Call to undefined function table_list() in /Applications/MAMP/htdocs/wp-content/themes/masterstudy/page.php:241
Stack trace:
#0 /Applications/MAMP/htdocs/wp-includes/template-loader.php(106): include()
#1 /Applications/MAMP/htdocs/wp-blog-header.php(19): require_once('/Applications/M...')
#2 /Applications/MAMP/htdocs/index.php(17): require('/Applications/M...')
#3 {main}
  thrown(/Applications/MAMP/htdocs/wp-content/themes/masterstudy/page.php, 줄 241)

2023-03-20T08:58:53+00:00 CRITICAL Uncaught Error: Call to undefined function table_list() in /Applications/MAMP/htdocs/wp-content/themes/masterstudy/page.php:241
Stack trace:
#0 /Applications/MAMP/htdocs/wp-includes/template-loader.php(106): include()
#1 /Applications/MAMP/htdocs/wp-blog-header.php(19): require_once('/Applications/M...')
#2 /Applications/MAMP/htdocs/index.php(17): require('/Applications/M...')
#3 {main}
  thrown(/Applications/MAMP/htdocs/wp-content/themes/masterstudy/page.php, 줄 241)

2023-03-20T08:59:03+00:00 CRITICAL Uncaught Error: Call to undefined function table_list() in /Applications/MAMP/htdocs/wp-content/themes/masterstudy/page.php:241
Stack trace:
#0 /Applications/MAMP/htdocs/wp-includes/template-loader.php(106): include()
#1 /Applications/MAMP/htdocs/wp-blog-header.php(19): require_once('/Applications/M...')
#2 /Applications/MAMP/htdocs/index.php(17): require('/Applications/M...')
#3 {main}
  thrown(/Applications/MAMP/htdocs/wp-content/themes/masterstudy/page.php, 줄 241)

2023-03-20T09:00:17+00:00 CRITICAL Uncaught Error: Call to undefined function table_list() in /Applications/MAMP/htdocs/wp-content/themes/masterstudy/page.php:241
Stack trace:
#0 /Applications/MAMP/htdocs/wp-includes/template-loader.php(106): include()
#1 /Applications/MAMP/htdocs/wp-blog-header.php(19): require_once('/Applications/M...')
#2 /Applications/MAMP/htdocs/index.php(17): require('/Applications/M...')
#3 {main}
  thrown(/Applications/MAMP/htdocs/wp-content/themes/masterstudy/page.php, 줄 241)

2023-03-20T09:00:28+00:00 CRITICAL Uncaught Error: Call to undefined function table_list() in /Applications/MAMP/htdocs/wp-content/themes/masterstudy/page.php:241
Stack trace:
#0 /Applications/MAMP/htdocs/wp-includes/template-loader.php(106): include()
#1 /Applications/MAMP/htdocs/wp-blog-header.php(19): require_once('/Applications/M...')
#2 /Applications/MAMP/htdocs/index.php(17): require('/Applications/M...')
#3 {main}
  thrown(/Applications/MAMP/htdocs/wp-content/themes/masterstudy/page.php, 줄 241)

2023-03-20T09:03:39+00:00 CRITICAL Uncaught Error: Call to undefined function table_list() in /Applications/MAMP/htdocs/wp-content/themes/masterstudy/page.php:241
Stack trace:
#0 /Applications/MAMP/htdocs/wp-includes/template-loader.php(106): include()
#1 /Applications/MAMP/htdocs/wp-blog-header.php(19): require_once('/Applications/M...')
#2 /Applications/MAMP/htdocs/index.php(17): require('/Applications/M...')
#3 {main}
  thrown(/Applications/MAMP/htdocs/wp-content/themes/masterstudy/page.php, 줄 241)

2023-03-20T09:30:58+00:00 CRITICAL Uncaught Error: Call to undefined function table_list() in /Applications/MAMP/htdocs/wp-content/themes/masterstudy/page.php:241
Stack trace:
#0 /Applications/MAMP/htdocs/wp-includes/template-loader.php(106): include()
#1 /Applications/MAMP/htdocs/wp-blog-header.php(19): require_once('/Applications/M...')
#2 /Applications/MAMP/htdocs/index.php(17): require('/Applications/M...')
#3 {main}
  thrown(/Applications/MAMP/htdocs/wp-content/themes/masterstudy/page.php, 줄 241)

2023-03-20T10:20:24+00:00 CRITICAL Uncaught Error: Call to undefined function table_list() in /Applications/MAMP/htdocs/wp-content/themes/masterstudy/page.php:241
Stack trace:
#0 /Applications/MAMP/htdocs/wp-includes/template-loader.php(106): include()
#1 /Applications/MAMP/htdocs/wp-blog-header.php(19): require_once('/Applications/M...')
#2 /Applications/MAMP/htdocs/index.php(17): require('/Applications/M...')
#3 {main}
  thrown(/Applications/MAMP/htdocs/wp-content/themes/masterstudy/page.php, 줄 241)

2023-03-20T11:55:46+00:00 CRITICAL Uncaught Error: Call to undefined function table_list() in /Applications/MAMP/htdocs/wp-content/themes/masterstudy/page.php:241
Stack trace:
#0 /Applications/MAMP/htdocs/wp-includes/template-loader.php(106): include()
#1 /Applications/MAMP/htdocs/wp-blog-header.php(19): require_once('/Applications/M...')
#2 /Applications/MAMP/htdocs/index.php(17): require('/Applications/M...')
#3 {main}
  thrown(/Applications/MAMP/htdocs/wp-content/themes/masterstudy/page.php, 줄 241)

2023-03-20T11:56:36+00:00 CRITICAL Uncaught Error: Call to undefined function table_list() in /Applications/MAMP/htdocs/wp-content/themes/masterstudy/page.php:241
Stack trace:
#0 /Applications/MAMP/htdocs/wp-includes/template-loader.php(106): include()
#1 /Applications/MAMP/htdocs/wp-blog-header.php(19): require_once('/Applications/M...')
#2 /Applications/MAMP/htdocs/index.php(17): require('/Applications/M...')
#3 {main}
  thrown(/Applications/MAMP/htdocs/wp-content/themes/masterstudy/page.php, 줄 241)

2023-03-20T11:57:06+00:00 CRITICAL Uncaught Error: Call to undefined function table_list() in /Applications/MAMP/htdocs/wp-content/themes/masterstudy/page.php:241
Stack trace:
#0 /Applications/MAMP/htdocs/wp-includes/template-loader.php(106): include()
#1 /Applications/MAMP/htdocs/wp-blog-header.php(19): require_once('/Applications/M...')
#2 /Applications/MAMP/htdocs/index.php(17): require('/Applications/M...')
#3 {main}
  thrown(/Applications/MAMP/htdocs/wp-content/themes/masterstudy/page.php, 줄 241)

2023-03-20T12:03:26+00:00 CRITICAL Uncaught Error: Call to undefined function table_list() in /Applications/MAMP/htdocs/wp-content/themes/masterstudy/page.php:241
Stack trace:
#0 /Applications/MAMP/htdocs/wp-includes/template-loader.php(106): include()
#1 /Applications/MAMP/htdocs/wp-blog-header.php(19): require_once('/Applications/M...')
#2 /Applications/MAMP/htdocs/index.php(17): require('/Applications/M...')
#3 {main}
  thrown(/Applications/MAMP/htdocs/wp-content/themes/masterstudy/page.php, 줄 241)

2023-03-20T12:16:38+00:00 CRITICAL Uncaught Error: Call to undefined function table_list() in /Applications/MAMP/htdocs/wp-content/themes/masterstudy/page.php:241
Stack trace:
#0 /Applications/MAMP/htdocs/wp-includes/template-loader.php(106): include()
#1 /Applications/MAMP/htdocs/wp-blog-header.php(19): require_once('/Applications/M...')
#2 /Applications/MAMP/htdocs/index.php(17): require('/Applications/M...')
#3 {main}
  thrown(/Applications/MAMP/htdocs/wp-content/themes/masterstudy/page.php, 줄 241)

2023-03-20T12:16:47+00:00 CRITICAL Uncaught Error: Call to undefined function table_list() in /Applications/MAMP/htdocs/wp-content/themes/masterstudy/page.php:241
Stack trace:
#0 /Applications/MAMP/htdocs/wp-includes/template-loader.php(106): include()
#1 /Applications/MAMP/htdocs/wp-blog-header.php(19): require_once('/Applications/M...')
#2 /Applications/MAMP/htdocs/index.php(17): require('/Applications/M...')
#3 {main}
  thrown(/Applications/MAMP/htdocs/wp-content/themes/masterstudy/page.php, 줄 241)

2023-03-20T12:17:03+00:00 CRITICAL Uncaught Error: Call to undefined function table_list() in /Applications/MAMP/htdocs/wp-content/themes/masterstudy/page.php:241
Stack trace:
#0 /Applications/MAMP/htdocs/wp-includes/template-loader.php(106): include()
#1 /Applications/MAMP/htdocs/wp-blog-header.php(19): require_once('/Applications/M...')
#2 /Applications/MAMP/htdocs/index.php(17): require('/Applications/M...')
#3 {main}
  thrown(/Applications/MAMP/htdocs/wp-content/themes/masterstudy/page.php, 줄 241)

2023-03-20T12:17:14+00:00 CRITICAL Uncaught Error: Call to undefined function table_list() in /Applications/MAMP/htdocs/wp-content/themes/masterstudy/page.php:241
Stack trace:
#0 /Applications/MAMP/htdocs/wp-includes/template-loader.php(106): include()
#1 /Applications/MAMP/htdocs/wp-blog-header.php(19): require_once('/Applications/M...')
#2 /Applications/MAMP/htdocs/index.php(17): require('/Applications/M...')
#3 {main}
  thrown(/Applications/MAMP/htdocs/wp-content/themes/masterstudy/page.php, 줄 241)

2023-03-20T12:23:11+00:00 CRITICAL Uncaught Error: Call to undefined function table_list() in /Applications/MAMP/htdocs/wp-content/themes/masterstudy/page.php:241
Stack trace:
#0 /Applications/MAMP/htdocs/wp-includes/template-loader.php(106): include()
#1 /Applications/MAMP/htdocs/wp-blog-header.php(19): require_once('/Applications/M...')
#2 /Applications/MAMP/htdocs/index.php(17): require('/Applications/M...')
#3 {main}
  thrown(/Applications/MAMP/htdocs/wp-content/themes/masterstudy/page.php, 줄 241)

2023-03-20T12:27:54+00:00 CRITICAL Uncaught Error: Call to undefined function table_list() in /Applications/MAMP/htdocs/wp-content/themes/masterstudy/page.php:241
Stack trace:
#0 /Applications/MAMP/htdocs/wp-includes/template-loader.php(106): include()
#1 /Applications/MAMP/htdocs/wp-blog-header.php(19): require_once('/Applications/M...')
#2 /Applications/MAMP/htdocs/index.php(17): require('/Applications/M...')
#3 {main}
  thrown(/Applications/MAMP/htdocs/wp-content/themes/masterstudy/page.php, 줄 241)

2023-03-20T12:28:07+00:00 CRITICAL Uncaught Error: Call to undefined function table_list() in /Applications/MAMP/htdocs/wp-content/themes/masterstudy/page.php:241
Stack trace:
#0 /Applications/MAMP/htdocs/wp-includes/template-loader.php(106): include()
#1 /Applications/MAMP/htdocs/wp-blog-header.php(19): require_once('/Applications/M...')
#2 /Applications/MAMP/htdocs/index.php(17): require('/Applications/M...')
#3 {main}
  thrown(/Applications/MAMP/htdocs/wp-content/themes/masterstudy/page.php, 줄 241)

2023-03-20T12:29:32+00:00 CRITICAL Uncaught Error: Call to undefined function table_list() in /Applications/MAMP/htdocs/wp-content/themes/masterstudy/page.php:241
Stack trace:
#0 /Applications/MAMP/htdocs/wp-includes/template-loader.php(106): include()
#1 /Applications/MAMP/htdocs/wp-blog-header.php(19): require_once('/Applications/M...')
#2 /Applications/MAMP/htdocs/index.php(17): require('/Applications/M...')
#3 {main}
  thrown(/Applications/MAMP/htdocs/wp-content/themes/masterstudy/page.php, 줄 241)

2023-03-20T12:34:01+00:00 CRITICAL Uncaught Error: Call to undefined function table_list() in /Applications/MAMP/htdocs/wp-content/themes/masterstudy/page.php:241
Stack trace:
#0 /Applications/MAMP/htdocs/wp-includes/template-loader.php(106): include()
#1 /Applications/MAMP/htdocs/wp-blog-header.php(19): require_once('/Applications/M...')
#2 /Applications/MAMP/htdocs/index.php(17): require('/Applications/M...')
#3 {main}
  thrown(/Applications/MAMP/htdocs/wp-content/themes/masterstudy/page.php, 줄 241)

2023-03-20T12:34:24+00:00 CRITICAL Uncaught Error: Call to undefined function table_list() in /Applications/MAMP/htdocs/wp-content/themes/masterstudy/page.php:241
Stack trace:
#0 /Applications/MAMP/htdocs/wp-includes/template-loader.php(106): include()
#1 /Applications/MAMP/htdocs/wp-blog-header.php(19): require_once('/Applications/M...')
#2 /Applications/MAMP/htdocs/index.php(17): require('/Applications/M...')
#3 {main}
  thrown(/Applications/MAMP/htdocs/wp-content/themes/masterstudy/page.php, 줄 241)

2023-03-20T12:34:35+00:00 CRITICAL Uncaught Error: Call to undefined function table_list() in /Applications/MAMP/htdocs/wp-content/themes/masterstudy/page.php:241
Stack trace:
#0 /Applications/MAMP/htdocs/wp-includes/template-loader.php(106): include()
#1 /Applications/MAMP/htdocs/wp-blog-header.php(19): require_once('/Applications/M...')
#2 /Applications/MAMP/htdocs/index.php(17): require('/Applications/M...')
#3 {main}
  thrown(/Applications/MAMP/htdocs/wp-content/themes/masterstudy/page.php, 줄 241)

2023-03-20T12:35:03+00:00 CRITICAL Uncaught Error: Call to undefined function table_list() in /Applications/MAMP/htdocs/wp-content/themes/masterstudy/page.php:241
Stack trace:
#0 /Applications/MAMP/htdocs/wp-includes/template-loader.php(106): include()
#1 /Applications/MAMP/htdocs/wp-blog-header.php(19): require_once('/Applications/M...')
#2 /Applications/MAMP/htdocs/index.php(17): require('/Applications/M...')
#3 {main}
  thrown(/Applications/MAMP/htdocs/wp-content/themes/masterstudy/page.php, 줄 241)

2023-03-20T12:35:11+00:00 CRITICAL Uncaught Error: Call to undefined function table_list() in /Applications/MAMP/htdocs/wp-content/themes/masterstudy/page.php:241
Stack trace:
#0 /Applications/MAMP/htdocs/wp-includes/template-loader.php(106): include()
#1 /Applications/MAMP/htdocs/wp-blog-header.php(19): require_once('/Applications/M...')
#2 /Applications/MAMP/htdocs/index.php(17): require('/Applications/M...')
#3 {main}
  thrown(/Applications/MAMP/htdocs/wp-content/themes/masterstudy/page.php, 줄 241)

2023-03-20T12:36:28+00:00 CRITICAL Uncaught Error: Call to undefined function table_list() in /Applications/MAMP/htdocs/wp-content/themes/masterstudy/page.php:241
Stack trace:
#0 /Applications/MAMP/htdocs/wp-includes/template-loader.php(106): include()
#1 /Applications/MAMP/htdocs/wp-blog-header.php(19): require_once('/Applications/M...')
#2 /Applications/MAMP/htdocs/index.php(17): require('/Applications/M...')
#3 {main}
  thrown(/Applications/MAMP/htdocs/wp-content/themes/masterstudy/page.php, 줄 241)

2023-03-20T12:36:39+00:00 CRITICAL Uncaught Error: Call to undefined function table_list() in /Applications/MAMP/htdocs/wp-content/themes/masterstudy/page.php:241
Stack trace:
#0 /Applications/MAMP/htdocs/wp-includes/template-loader.php(106): include()
#1 /Applications/MAMP/htdocs/wp-blog-header.php(19): require_once('/Applications/M...')
#2 /Applications/MAMP/htdocs/index.php(17): require('/Applications/M...')
#3 {main}
  thrown(/Applications/MAMP/htdocs/wp-content/themes/masterstudy/page.php, 줄 241)

2023-03-20T12:36:50+00:00 CRITICAL Uncaught Error: Call to undefined function table_list() in /Applications/MAMP/htdocs/wp-content/themes/masterstudy/page.php:241
Stack trace:
#0 /Applications/MAMP/htdocs/wp-includes/template-loader.php(106): include()
#1 /Applications/MAMP/htdocs/wp-blog-header.php(19): require_once('/Applications/M...')
#2 /Applications/MAMP/htdocs/index.php(17): require('/Applications/M...')
#3 {main}
  thrown(/Applications/MAMP/htdocs/wp-content/themes/masterstudy/page.php, 줄 241)

2023-03-20T12:38:02+00:00 CRITICAL Uncaught Error: Call to undefined function table_list() in /Applications/MAMP/htdocs/wp-content/themes/masterstudy/page.php:241
Stack trace:
#0 /Applications/MAMP/htdocs/wp-includes/template-loader.php(106): include()
#1 /Applications/MAMP/htdocs/wp-blog-header.php(19): require_once('/Applications/M...')
#2 /Applications/MAMP/htdocs/index.php(17): require('/Applications/M...')
#3 {main}
  thrown(/Applications/MAMP/htdocs/wp-content/themes/masterstudy/page.php, 줄 241)

2023-03-20T12:39:00+00:00 CRITICAL Uncaught Error: Call to undefined function table_list() in /Applications/MAMP/htdocs/wp-content/themes/masterstudy/page.php:241
Stack trace:
#0 /Applications/MAMP/htdocs/wp-includes/template-loader.php(106): include()
#1 /Applications/MAMP/htdocs/wp-blog-header.php(19): require_once('/Applications/M...')
#2 /Applications/MAMP/htdocs/index.php(17): require('/Applications/M...')
#3 {main}
  thrown(/Applications/MAMP/htdocs/wp-content/themes/masterstudy/page.php, 줄 241)

2023-03-20T12:41:27+00:00 CRITICAL Uncaught Error: Call to undefined function table_list() in /Applications/MAMP/htdocs/wp-content/themes/masterstudy/page.php:241
Stack trace:
#0 /Applications/MAMP/htdocs/wp-includes/template-loader.php(106): include()
#1 /Applications/MAMP/htdocs/wp-blog-header.php(19): require_once('/Applications/M...')
#2 /Applications/MAMP/htdocs/index.php(17): require('/Applications/M...')
#3 {main}
  thrown(/Applications/MAMP/htdocs/wp-content/themes/masterstudy/page.php, 줄 241)

2023-03-20T12:41:35+00:00 CRITICAL Uncaught Error: Call to undefined function table_list() in /Applications/MAMP/htdocs/wp-content/themes/masterstudy/page.php:241
Stack trace:
#0 /Applications/MAMP/htdocs/wp-includes/template-loader.php(106): include()
#1 /Applications/MAMP/htdocs/wp-blog-header.php(19): require_once('/Applications/M...')
#2 /Applications/MAMP/htdocs/index.php(17): require('/Applications/M...')
#3 {main}
  thrown(/Applications/MAMP/htdocs/wp-content/themes/masterstudy/page.php, 줄 241)

2023-03-20T12:41:55+00:00 CRITICAL Uncaught Error: Call to undefined function table_list() in /Applications/MAMP/htdocs/wp-content/themes/masterstudy/page.php:241
Stack trace:
#0 /Applications/MAMP/htdocs/wp-includes/template-loader.php(106): include()
#1 /Applications/MAMP/htdocs/wp-blog-header.php(19): require_once('/Applications/M...')
#2 /Applications/MAMP/htdocs/index.php(17): require('/Applications/M...')
#3 {main}
  thrown(/Applications/MAMP/htdocs/wp-content/themes/masterstudy/page.php, 줄 241)

2023-03-20T12:42:26+00:00 CRITICAL Uncaught Error: Call to undefined function table_list() in /Applications/MAMP/htdocs/wp-content/themes/masterstudy/page.php:241
Stack trace:
#0 /Applications/MAMP/htdocs/wp-includes/template-loader.php(106): include()
#1 /Applications/MAMP/htdocs/wp-blog-header.php(19): require_once('/Applications/M...')
#2 /Applications/MAMP/htdocs/index.php(17): require('/Applications/M...')
#3 {main}
  thrown(/Applications/MAMP/htdocs/wp-content/themes/masterstudy/page.php, 줄 241)

2023-03-20T12:43:50+00:00 CRITICAL Uncaught Error: Call to undefined function table_list() in /Applications/MAMP/htdocs/wp-content/themes/masterstudy/page.php:241
Stack trace:
#0 /Applications/MAMP/htdocs/wp-includes/template-loader.php(106): include()
#1 /Applications/MAMP/htdocs/wp-blog-header.php(19): require_once('/Applications/M...')
#2 /Applications/MAMP/htdocs/index.php(17): require('/Applications/M...')
#3 {main}
  thrown(/Applications/MAMP/htdocs/wp-content/themes/masterstudy/page.php, 줄 241)

2023-03-20T12:44:06+00:00 CRITICAL Uncaught Error: Call to undefined function table_list() in /Applications/MAMP/htdocs/wp-content/themes/masterstudy/page.php:241
Stack trace:
#0 /Applications/MAMP/htdocs/wp-includes/template-loader.php(106): include()
#1 /Applications/MAMP/htdocs/wp-blog-header.php(19): require_once('/Applications/M...')
#2 /Applications/MAMP/htdocs/index.php(17): require('/Applications/M...')
#3 {main}
  thrown(/Applications/MAMP/htdocs/wp-content/themes/masterstudy/page.php, 줄 241)

2023-03-20T12:45:14+00:00 CRITICAL Uncaught Error: Call to undefined function table_list() in /Applications/MAMP/htdocs/wp-content/themes/masterstudy/page.php:241
Stack trace:
#0 /Applications/MAMP/htdocs/wp-includes/template-loader.php(106): include()
#1 /Applications/MAMP/htdocs/wp-blog-header.php(19): require_once('/Applications/M...')
#2 /Applications/MAMP/htdocs/index.php(17): require('/Applications/M...')
#3 {main}
  thrown(/Applications/MAMP/htdocs/wp-content/themes/masterstudy/page.php, 줄 241)

2023-03-20T12:45:22+00:00 CRITICAL Uncaught Error: Call to undefined function table_list() in /Applications/MAMP/htdocs/wp-content/themes/masterstudy/page.php:241
Stack trace:
#0 /Applications/MAMP/htdocs/wp-includes/template-loader.php(106): include()
#1 /Applications/MAMP/htdocs/wp-blog-header.php(19): require_once('/Applications/M...')
#2 /Applications/MAMP/htdocs/index.php(17): require('/Applications/M...')
#3 {main}
  thrown(/Applications/MAMP/htdocs/wp-content/themes/masterstudy/page.php, 줄 241)

2023-03-20T12:45:30+00:00 CRITICAL Uncaught Error: Call to undefined function table_list() in /Applications/MAMP/htdocs/wp-content/themes/masterstudy/page.php:241
Stack trace:
#0 /Applications/MAMP/htdocs/wp-includes/template-loader.php(106): include()
#1 /Applications/MAMP/htdocs/wp-blog-header.php(19): require_once('/Applications/M...')
#2 /Applications/MAMP/htdocs/index.php(17): require('/Applications/M...')
#3 {main}
  thrown(/Applications/MAMP/htdocs/wp-content/themes/masterstudy/page.php, 줄 241)

2023-03-20T12:46:08+00:00 CRITICAL Uncaught Error: Call to undefined function table_list() in /Applications/MAMP/htdocs/wp-content/themes/masterstudy/page.php:241
Stack trace:
#0 /Applications/MAMP/htdocs/wp-includes/template-loader.php(106): include()
#1 /Applications/MAMP/htdocs/wp-blog-header.php(19): require_once('/Applications/M...')
#2 /Applications/MAMP/htdocs/index.php(17): require('/Applications/M...')
#3 {main}
  thrown(/Applications/MAMP/htdocs/wp-content/themes/masterstudy/page.php, 줄 241)

2023-03-20T12:58:22+00:00 CRITICAL Uncaught Error: Call to undefined function table_list() in /Applications/MAMP/htdocs/wp-content/themes/masterstudy/page.php:241
Stack trace:
#0 /Applications/MAMP/htdocs/wp-includes/template-loader.php(106): include()
#1 /Applications/MAMP/htdocs/wp-blog-header.php(19): require_once('/Applications/M...')
#2 /Applications/MAMP/htdocs/index.php(17): require('/Applications/M...')
#3 {main}
  thrown(/Applications/MAMP/htdocs/wp-content/themes/masterstudy/page.php, 줄 241)

2023-03-20T13:00:42+00:00 CRITICAL Uncaught Error: Call to undefined function table_list() in /Applications/MAMP/htdocs/wp-content/themes/masterstudy/page.php:241
Stack trace:
#0 /Applications/MAMP/htdocs/wp-includes/template-loader.php(106): include()
#1 /Applications/MAMP/htdocs/wp-blog-header.php(19): require_once('/Applications/M...')
#2 /Applications/MAMP/htdocs/index.php(17): require('/Applications/M...')
#3 {main}
  thrown(/Applications/MAMP/htdocs/wp-content/themes/masterstudy/page.php, 줄 241)

2023-03-20T13:00:46+00:00 CRITICAL #!trpst#trp-gettext data-trpgettextoriginal=645#!trpen#Uncaught Error: Call to undefined function table_list() in /Applications/MAMP/htdocs/wp-content/themes/masterstudy/page.php:241
Stack trace:
#0 /Applications/MAMP/htdocs/wp-includes/template-loader.php(106): include()
#1 /Applications/MAMP/htdocs/wp-blog-header.php(19): require_once('/Applications/M...')
#2 /Applications/MAMP/htdocs/index.php(17): require('/Applications/M...')
#3 {main}
  thrown in /Applications/MAMP/htdocs/wp-content/themes/masterstudy/page.php on line 241#!trpst#/trp-gettext#!trpen#

2023-03-20T13:00:56+00:00 CRITICAL Uncaught Error: Call to undefined function table_list() in /Applications/MAMP/htdocs/wp-content/themes/masterstudy/page.php:241
Stack trace:
#0 /Applications/MAMP/htdocs/wp-includes/template-loader.php(106): include()
#1 /Applications/MAMP/htdocs/wp-blog-header.php(19): require_once('/Applications/M...')
#2 /Applications/MAMP/htdocs/index.php(17): require('/Applications/M...')
#3 {main}
  thrown(/Applications/MAMP/htdocs/wp-content/themes/masterstudy/page.php, 줄 241)

2023-03-20T13:01:09+00:00 CRITICAL #!trpst#trp-gettext data-trpgettextoriginal=645#!trpen#Uncaught Error: Call to undefined function table_list() in /Applications/MAMP/htdocs/wp-content/themes/masterstudy/page.php:241
Stack trace:
#0 /Applications/MAMP/htdocs/wp-includes/template-loader.php(106): include()
#1 /Applications/MAMP/htdocs/wp-blog-header.php(19): require_once('/Applications/M...')
#2 /Applications/MAMP/htdocs/index.php(17): require('/Applications/M...')
#3 {main}
  thrown in /Applications/MAMP/htdocs/wp-content/themes/masterstudy/page.php on line 241#!trpst#/trp-gettext#!trpen#

2023-03-20T13:01:21+00:00 CRITICAL #!trpst#trp-gettext data-trpgettextoriginal=645#!trpen#Uncaught Error: Call to undefined function table_list() in /Applications/MAMP/htdocs/wp-content/themes/masterstudy/page.php:241
Stack trace:
#0 /Applications/MAMP/htdocs/wp-includes/template-loader.php(106): include()
#1 /Applications/MAMP/htdocs/wp-blog-header.php(19): require_once('/Applications/M...')
#2 /Applications/MAMP/htdocs/index.php(17): require('/Applications/M...')
#3 {main}
  thrown in /Applications/MAMP/htdocs/wp-content/themes/masterstudy/page.php on line 241#!trpst#/trp-gettext#!trpen#

2023-03-20T13:06:08+00:00 CRITICAL Uncaught Error: Call to undefined function table_list() in /Applications/MAMP/htdocs/wp-content/themes/masterstudy/page.php:241
Stack trace:
#0 /Applications/MAMP/htdocs/wp-includes/template-loader.php(106): include()
#1 /Applications/MAMP/htdocs/wp-blog-header.php(19): require_once('/Applications/M...')
#2 /Applications/MAMP/htdocs/index.php(17): require('/Applications/M...')
#3 {main}
  thrown(/Applications/MAMP/htdocs/wp-content/themes/masterstudy/page.php, 줄 241)

2023-03-20T13:06:11+00:00 CRITICAL Uncaught Error: Call to undefined function table_list() in /Applications/MAMP/htdocs/wp-content/themes/masterstudy/page.php:241
Stack trace:
#0 /Applications/MAMP/htdocs/wp-includes/template-loader.php(106): include()
#1 /Applications/MAMP/htdocs/wp-blog-header.php(19): require_once('/Applications/M...')
#2 /Applications/MAMP/htdocs/index.php(17): require('/Applications/M...')
#3 {main}
  thrown(/Applications/MAMP/htdocs/wp-content/themes/masterstudy/page.php, 줄 241)

2023-03-20T13:06:16+00:00 CRITICAL Uncaught Error: Call to undefined function table_list() in /Applications/MAMP/htdocs/wp-content/themes/masterstudy/page.php:241
Stack trace:
#0 /Applications/MAMP/htdocs/wp-includes/template-loader.php(106): include()
#1 /Applications/MAMP/htdocs/wp-blog-header.php(19): require_once('/Applications/M...')
#2 /Applications/MAMP/htdocs/index.php(17): require('/Applications/M...')
#3 {main}
  thrown(/Applications/MAMP/htdocs/wp-content/themes/masterstudy/page.php, 줄 241)

2023-03-20T13:06:21+00:00 CRITICAL Uncaught Error: Call to undefined function table_list() in /Applications/MAMP/htdocs/wp-content/themes/masterstudy/page.php:241
Stack trace:
#0 /Applications/MAMP/htdocs/wp-includes/template-loader.php(106): include()
#1 /Applications/MAMP/htdocs/wp-blog-header.php(19): require_once('/Applications/M...')
#2 /Applications/MAMP/htdocs/index.php(17): require('/Applications/M...')
#3 {main}
  thrown(/Applications/MAMP/htdocs/wp-content/themes/masterstudy/page.php, 줄 241)

2023-03-20T13:06:30+00:00 CRITICAL Uncaught Error: Call to undefined function table_list() in /Applications/MAMP/htdocs/wp-content/themes/masterstudy/page.php:241
Stack trace:
#0 /Applications/MAMP/htdocs/wp-includes/template-loader.php(106): include()
#1 /Applications/MAMP/htdocs/wp-blog-header.php(19): require_once('/Applications/M...')
#2 /Applications/MAMP/htdocs/index.php(17): require('/Applications/M...')
#3 {main}
  thrown(/Applications/MAMP/htdocs/wp-content/themes/masterstudy/page.php, 줄 241)

2023-03-20T13:06:51+00:00 CRITICAL Uncaught Error: Call to undefined function table_list() in /Applications/MAMP/htdocs/wp-content/themes/masterstudy/page.php:241
Stack trace:
#0 /Applications/MAMP/htdocs/wp-includes/template-loader.php(106): include()
#1 /Applications/MAMP/htdocs/wp-blog-header.php(19): require_once('/Applications/M...')
#2 /Applications/MAMP/htdocs/index.php(17): require('/Applications/M...')
#3 {main}
  thrown(/Applications/MAMP/htdocs/wp-content/themes/masterstudy/page.php, 줄 241)

2023-03-20T13:06:59+00:00 CRITICAL Uncaught Error: Call to undefined function table_list() in /Applications/MAMP/htdocs/wp-content/themes/masterstudy/page.php:241
Stack trace:
#0 /Applications/MAMP/htdocs/wp-includes/template-loader.php(106): include()
#1 /Applications/MAMP/htdocs/wp-blog-header.php(19): require_once('/Applications/M...')
#2 /Applications/MAMP/htdocs/index.php(17): require('/Applications/M...')
#3 {main}
  thrown(/Applications/MAMP/htdocs/wp-content/themes/masterstudy/page.php, 줄 241)

2023-03-20T13:12:34+00:00 CRITICAL Uncaught Error: Call to undefined function table_list() in /Applications/MAMP/htdocs/wp-content/themes/masterstudy/page.php:241
Stack trace:
#0 /Applications/MAMP/htdocs/wp-includes/template-loader.php(106): include()
#1 /Applications/MAMP/htdocs/wp-blog-header.php(19): require_once('/Applications/M...')
#2 /Applications/MAMP/htdocs/index.php(17): require('/Applications/M...')
#3 {main}
  thrown(/Applications/MAMP/htdocs/wp-content/themes/masterstudy/page.php, 줄 241)

2023-03-20T13:12:39+00:00 CRITICAL Uncaught Error: Call to undefined function table_list() in /Applications/MAMP/htdocs/wp-content/themes/masterstudy/page.php:241
Stack trace:
#0 /Applications/MAMP/htdocs/wp-includes/template-loader.php(106): include()
#1 /Applications/MAMP/htdocs/wp-blog-header.php(19): require_once('/Applications/M...')
#2 /Applications/MAMP/htdocs/index.php(17): require('/Applications/M...')
#3 {main}
  thrown(/Applications/MAMP/htdocs/wp-content/themes/masterstudy/page.php, 줄 241)

2023-03-20T13:12:54+00:00 CRITICAL Uncaught Error: Call to undefined function table_list() in /Applications/MAMP/htdocs/wp-content/themes/masterstudy/page.php:241
Stack trace:
#0 /Applications/MAMP/htdocs/wp-includes/template-loader.php(106): include()
#1 /Applications/MAMP/htdocs/wp-blog-header.php(19): require_once('/Applications/M...')
#2 /Applications/MAMP/htdocs/index.php(17): require('/Applications/M...')
#3 {main}
  thrown(/Applications/MAMP/htdocs/wp-content/themes/masterstudy/page.php, 줄 241)

2023-03-20T13:13:17+00:00 CRITICAL Uncaught Error: Call to undefined function table_list() in /Applications/MAMP/htdocs/wp-content/themes/masterstudy/page.php:241
Stack trace:
#0 /Applications/MAMP/htdocs/wp-includes/template-loader.php(106): include()
#1 /Applications/MAMP/htdocs/wp-blog-header.php(19): require_once('/Applications/M...')
#2 /Applications/MAMP/htdocs/index.php(17): require('/Applications/M...')
#3 {main}
  thrown(/Applications/MAMP/htdocs/wp-content/themes/masterstudy/page.php, 줄 241)

2023-03-20T13:13:20+00:00 CRITICAL Uncaught Error: Call to undefined function table_list() in /Applications/MAMP/htdocs/wp-content/themes/masterstudy/page.php:241
Stack trace:
#0 /Applications/MAMP/htdocs/wp-includes/template-loader.php(106): include()
#1 /Applications/MAMP/htdocs/wp-blog-header.php(19): require_once('/Applications/M...')
#2 /Applications/MAMP/htdocs/index.php(17): require('/Applications/M...')
#3 {main}
  thrown(/Applications/MAMP/htdocs/wp-content/themes/masterstudy/page.php, 줄 241)

2023-03-20T13:16:17+00:00 CRITICAL Uncaught Error: Call to undefined function table_list() in /Applications/MAMP/htdocs/wp-content/themes/masterstudy/page.php:241
Stack trace:
#0 /Applications/MAMP/htdocs/wp-includes/template-loader.php(106): include()
#1 /Applications/MAMP/htdocs/wp-blog-header.php(19): require_once('/Applications/M...')
#2 /Applications/MAMP/htdocs/index.php(17): require('/Applications/M...')
#3 {main}
  thrown(/Applications/MAMP/htdocs/wp-content/themes/masterstudy/page.php, 줄 241)

2023-03-20T13:16:25+00:00 CRITICAL Uncaught Error: Call to undefined function table_list() in /Applications/MAMP/htdocs/wp-content/themes/masterstudy/page.php:241
Stack trace:
#0 /Applications/MAMP/htdocs/wp-includes/template-loader.php(106): include()
#1 /Applications/MAMP/htdocs/wp-blog-header.php(19): require_once('/Applications/M...')
#2 /Applications/MAMP/htdocs/index.php(17): require('/Applications/M...')
#3 {main}
  thrown(/Applications/MAMP/htdocs/wp-content/themes/masterstudy/page.php, 줄 241)

2023-03-20T13:18:10+00:00 CRITICAL Uncaught Error: Call to undefined function table_list() in /Applications/MAMP/htdocs/wp-content/themes/masterstudy/page.php:241
Stack trace:
#0 /Applications/MAMP/htdocs/wp-includes/template-loader.php(106): include()
#1 /Applications/MAMP/htdocs/wp-blog-header.php(19): require_once('/Applications/M...')
#2 /Applications/MAMP/htdocs/index.php(17): require('/Applications/M...')
#3 {main}
  thrown(/Applications/MAMP/htdocs/wp-content/themes/masterstudy/page.php, 줄 241)

2023-03-20T13:21:31+00:00 CRITICAL Uncaught Error: Call to undefined function table_list() in /Applications/MAMP/htdocs/wp-content/themes/masterstudy/page.php:241
Stack trace:
#0 /Applications/MAMP/htdocs/wp-includes/template-loader.php(106): include()
#1 /Applications/MAMP/htdocs/wp-blog-header.php(19): require_once('/Applications/M...')
#2 /Applications/MAMP/htdocs/index.php(17): require('/Applications/M...')
#3 {main}
  thrown(/Applications/MAMP/htdocs/wp-content/themes/masterstudy/page.php, 줄 241)

2023-03-20T13:21:45+00:00 CRITICAL Uncaught Error: Call to undefined function table_list() in /Applications/MAMP/htdocs/wp-content/themes/masterstudy/page.php:241
Stack trace:
#0 /Applications/MAMP/htdocs/wp-includes/template-loader.php(106): include()
#1 /Applications/MAMP/htdocs/wp-blog-header.php(19): require_once('/Applications/M...')
#2 /Applications/MAMP/htdocs/index.php(17): require('/Applications/M...')
#3 {main}
  thrown(/Applications/MAMP/htdocs/wp-content/themes/masterstudy/page.php, 줄 241)

2023-03-20T13:26:52+00:00 CRITICAL Uncaught Error: Call to undefined function table_list() in /Applications/MAMP/htdocs/wp-content/themes/masterstudy/page.php:241
Stack trace:
#0 /Applications/MAMP/htdocs/wp-includes/template-loader.php(106): include()
#1 /Applications/MAMP/htdocs/wp-blog-header.php(19): require_once('/Applications/M...')
#2 /Applications/MAMP/htdocs/index.php(17): require('/Applications/M...')
#3 {main}
  thrown(/Applications/MAMP/htdocs/wp-content/themes/masterstudy/page.php, 줄 241)

2023-03-20T13:27:12+00:00 CRITICAL Uncaught Error: Call to undefined function table_list() in /Applications/MAMP/htdocs/wp-content/themes/masterstudy/page.php:241
Stack trace:
#0 /Applications/MAMP/htdocs/wp-includes/template-loader.php(106): include()
#1 /Applications/MAMP/htdocs/wp-blog-header.php(19): require_once('/Applications/M...')
#2 /Applications/MAMP/htdocs/index.php(17): require('/Applications/M...')
#3 {main}
  thrown(/Applications/MAMP/htdocs/wp-content/themes/masterstudy/page.php, 줄 241)

2023-03-20T13:28:57+00:00 CRITICAL Uncaught Error: Call to undefined function table_list() in /Applications/MAMP/htdocs/wp-content/themes/masterstudy/page.php:241
Stack trace:
#0 /Applications/MAMP/htdocs/wp-includes/template-loader.php(106): include()
#1 /Applications/MAMP/htdocs/wp-blog-header.php(19): require_once('/Applications/M...')
#2 /Applications/MAMP/htdocs/index.php(17): require('/Applications/M...')
#3 {main}
  thrown(/Applications/MAMP/htdocs/wp-content/themes/masterstudy/page.php, 줄 241)

2023-03-20T13:32:57+00:00 CRITICAL Uncaught Error: Call to undefined function table_list() in /Applications/MAMP/htdocs/wp-content/themes/masterstudy/page.php:241
Stack trace:
#0 /Applications/MAMP/htdocs/wp-includes/template-loader.php(106): include()
#1 /Applications/MAMP/htdocs/wp-blog-header.php(19): require_once('/Applications/M...')
#2 /Applications/MAMP/htdocs/index.php(17): require('/Applications/M...')
#3 {main}
  thrown(/Applications/MAMP/htdocs/wp-content/themes/masterstudy/page.php, 줄 241)

2023-03-20T13:35:28+00:00 CRITICAL Uncaught Error: Call to undefined function table_list() in /Applications/MAMP/htdocs/wp-content/themes/masterstudy/page.php:241
Stack trace:
#0 /Applications/MAMP/htdocs/wp-includes/template-loader.php(106): include()
#1 /Applications/MAMP/htdocs/wp-blog-header.php(19): require_once('/Applications/M...')
#2 /Applications/MAMP/htdocs/index.php(17): require('/Applications/M...')
#3 {main}
  thrown(/Applications/MAMP/htdocs/wp-content/themes/masterstudy/page.php, 줄 241)

2023-03-20T13:35:55+00:00 CRITICAL Uncaught Error: Call to undefined function table_list() in /Applications/MAMP/htdocs/wp-content/themes/masterstudy/page.php:241
Stack trace:
#0 /Applications/MAMP/htdocs/wp-includes/template-loader.php(106): include()
#1 /Applications/MAMP/htdocs/wp-blog-header.php(19): require_once('/Applications/M...')
#2 /Applications/MAMP/htdocs/index.php(17): require('/Applications/M...')
#3 {main}
  thrown(/Applications/MAMP/htdocs/wp-content/themes/masterstudy/page.php, 줄 241)

2023-03-20T13:36:56+00:00 CRITICAL #!trpst#trp-gettext data-trpgettextoriginal=652#!trpen#Uncaught Error: Call to undefined function table_list() in /Applications/MAMP/htdocs/wp-content/themes/masterstudy/page.php:241
Stack trace:
#0 /Applications/MAMP/htdocs/wp-includes/template-loader.php(106): include()
#1 /Applications/MAMP/htdocs/wp-blog-header.php(19): require_once('/Applications/M...')
#2 /Applications/MAMP/htdocs/index.php(17): require('/Applications/M...')
#3 {main}
  thrown(/Applications/MAMP/htdocs/wp-content/themes/masterstudy/page.php, 줄 241)#!trpst#/trp-gettext#!trpen#

2023-03-20T13:37:25+00:00 CRITICAL Uncaught Error: Call to undefined function table_list() in /Applications/MAMP/htdocs/wp-content/themes/masterstudy/page.php:241
Stack trace:
#0 /Applications/MAMP/htdocs/wp-includes/template-loader.php(106): include()
#1 /Applications/MAMP/htdocs/wp-blog-header.php(19): require_once('/Applications/M...')
#2 /Applications/MAMP/htdocs/index.php(17): require('/Applications/M...')
#3 {main}
  thrown(/Applications/MAMP/htdocs/wp-content/themes/masterstudy/page.php, 줄 241)

2023-03-20T13:37:30+00:00 CRITICAL #!trpst#trp-gettext data-trpgettextoriginal=652#!trpen#Uncaught Error: Call to undefined function table_list() in /Applications/MAMP/htdocs/wp-content/themes/masterstudy/page.php:241
Stack trace:
#0 /Applications/MAMP/htdocs/wp-includes/template-loader.php(106): include()
#1 /Applications/MAMP/htdocs/wp-blog-header.php(19): require_once('/Applications/M...')
#2 /Applications/MAMP/htdocs/index.php(17): require('/Applications/M...')
#3 {main}
  thrown(/Applications/MAMP/htdocs/wp-content/themes/masterstudy/page.php, 줄 241)#!trpst#/trp-gettext#!trpen#

2023-03-20T13:41:42+00:00 CRITICAL Uncaught Error: Call to undefined function table_list() in /Applications/MAMP/htdocs/wp-content/themes/masterstudy/page.php:241
Stack trace:
#0 /Applications/MAMP/htdocs/wp-includes/template-loader.php(106): include()
#1 /Applications/MAMP/htdocs/wp-blog-header.php(19): require_once('/Applications/M...')
#2 /Applications/MAMP/htdocs/index.php(17): require('/Applications/M...')
#3 {main}
  thrown(/Applications/MAMP/htdocs/wp-content/themes/masterstudy/page.php, 줄 241)

2023-03-20T13:44:15+00:00 CRITICAL Uncaught Error: Call to undefined function table_list() in /Applications/MAMP/htdocs/wp-content/themes/masterstudy/page.php:241
Stack trace:
#0 /Applications/MAMP/htdocs/wp-includes/template-loader.php(106): include()
#1 /Applications/MAMP/htdocs/wp-blog-header.php(19): require_once('/Applications/M...')
#2 /Applications/MAMP/htdocs/index.php(17): require('/Applications/M...')
#3 {main}
  thrown(/Applications/MAMP/htdocs/wp-content/themes/masterstudy/page.php, 줄 241)

2023-03-20T13:44:46+00:00 CRITICAL Uncaught Error: Call to undefined function table_list() in /Applications/MAMP/htdocs/wp-content/themes/masterstudy/page.php:241
Stack trace:
#0 /Applications/MAMP/htdocs/wp-includes/template-loader.php(106): include()
#1 /Applications/MAMP/htdocs/wp-blog-header.php(19): require_once('/Applications/M...')
#2 /Applications/MAMP/htdocs/index.php(17): require('/Applications/M...')
#3 {main}
  thrown(/Applications/MAMP/htdocs/wp-content/themes/masterstudy/page.php, 줄 241)

2023-03-20T13:45:13+00:00 CRITICAL Uncaught Error: Call to undefined function table_list() in /Applications/MAMP/htdocs/wp-content/themes/masterstudy/page.php:241
Stack trace:
#0 /Applications/MAMP/htdocs/wp-includes/template-loader.php(106): include()
#1 /Applications/MAMP/htdocs/wp-blog-header.php(19): require_once('/Applications/M...')
#2 /Applications/MAMP/htdocs/index.php(17): require('/Applications/M...')
#3 {main}
  thrown(/Applications/MAMP/htdocs/wp-content/themes/masterstudy/page.php, 줄 241)

2023-03-20T13:45:30+00:00 CRITICAL Uncaught Error: Call to undefined function table_list() in /Applications/MAMP/htdocs/wp-content/themes/masterstudy/page.php:241
Stack trace:
#0 /Applications/MAMP/htdocs/wp-includes/template-loader.php(106): include()
#1 /Applications/MAMP/htdocs/wp-blog-header.php(19): require_once('/Applications/M...')
#2 /Applications/MAMP/htdocs/index.php(17): require('/Applications/M...')
#3 {main}
  thrown(/Applications/MAMP/htdocs/wp-content/themes/masterstudy/page.php, 줄 241)

2023-03-20T13:46:31+00:00 CRITICAL Uncaught Error: Call to undefined function table_list() in /Applications/MAMP/htdocs/wp-content/themes/masterstudy/page.php:241
Stack trace:
#0 /Applications/MAMP/htdocs/wp-includes/template-loader.php(106): include()
#1 /Applications/MAMP/htdocs/wp-blog-header.php(19): require_once('/Applications/M...')
#2 /Applications/MAMP/htdocs/index.php(17): require('/Applications/M...')
#3 {main}
  thrown(/Applications/MAMP/htdocs/wp-content/themes/masterstudy/page.php, 줄 241)

2023-03-20T13:46:48+00:00 CRITICAL Uncaught Error: Call to undefined function table_list() in /Applications/MAMP/htdocs/wp-content/themes/masterstudy/page.php:241
Stack trace:
#0 /Applications/MAMP/htdocs/wp-includes/template-loader.php(106): include()
#1 /Applications/MAMP/htdocs/wp-blog-header.php(19): require_once('/Applications/M...')
#2 /Applications/MAMP/htdocs/index.php(17): require('/Applications/M...')
#3 {main}
  thrown(/Applications/MAMP/htdocs/wp-content/themes/masterstudy/page.php, 줄 241)

2023-03-20T13:47:09+00:00 CRITICAL Uncaught Error: Call to undefined function table_list() in /Applications/MAMP/htdocs/wp-content/themes/masterstudy/page.php:241
Stack trace:
#0 /Applications/MAMP/htdocs/wp-includes/template-loader.php(106): include()
#1 /Applications/MAMP/htdocs/wp-blog-header.php(19): require_once('/Applications/M...')
#2 /Applications/MAMP/htdocs/index.php(17): require('/Applications/M...')
#3 {main}
  thrown(/Applications/MAMP/htdocs/wp-content/themes/masterstudy/page.php, 줄 241)

2023-03-20T13:47:18+00:00 CRITICAL Uncaught Error: Call to undefined function table_list() in /Applications/MAMP/htdocs/wp-content/themes/masterstudy/page.php:241
Stack trace:
#0 /Applications/MAMP/htdocs/wp-includes/template-loader.php(106): include()
#1 /Applications/MAMP/htdocs/wp-blog-header.php(19): require_once('/Applications/M...')
#2 /Applications/MAMP/htdocs/index.php(17): require('/Applications/M...')
#3 {main}
  thrown(/Applications/MAMP/htdocs/wp-content/themes/masterstudy/page.php, 줄 241)

2023-03-20T13:47:45+00:00 CRITICAL Uncaught Error: Call to undefined function table_list() in /Applications/MAMP/htdocs/wp-content/themes/masterstudy/page.php:241
Stack trace:
#0 /Applications/MAMP/htdocs/wp-includes/template-loader.php(106): include()
#1 /Applications/MAMP/htdocs/wp-blog-header.php(19): require_once('/Applications/M...')
#2 /Applications/MAMP/htdocs/index.php(17): require('/Applications/M...')
#3 {main}
  thrown(/Applications/MAMP/htdocs/wp-content/themes/masterstudy/page.php, 줄 241)

2023-03-20T13:49:02+00:00 CRITICAL Uncaught Error: Call to undefined function table_list() in /Applications/MAMP/htdocs/wp-content/themes/masterstudy/page.php:241
Stack trace:
#0 /Applications/MAMP/htdocs/wp-includes/template-loader.php(106): include()
#1 /Applications/MAMP/htdocs/wp-blog-header.php(19): require_once('/Applications/M...')
#2 /Applications/MAMP/htdocs/index.php(17): require('/Applications/M...')
#3 {main}
  thrown(/Applications/MAMP/htdocs/wp-content/themes/masterstudy/page.php, 줄 241)

2023-03-20T13:49:22+00:00 CRITICAL Uncaught Error: Call to undefined function table_list() in /Applications/MAMP/htdocs/wp-content/themes/masterstudy/page.php:241
Stack trace:
#0 /Applications/MAMP/htdocs/wp-includes/template-loader.php(106): include()
#1 /Applications/MAMP/htdocs/wp-blog-header.php(19): require_once('/Applications/M...')
#2 /Applications/MAMP/htdocs/index.php(17): require('/Applications/M...')
#3 {main}
  thrown(/Applications/MAMP/htdocs/wp-content/themes/masterstudy/page.php, 줄 241)

2023-03-20T13:49:35+00:00 CRITICAL Uncaught Error: Call to undefined function table_list() in /Applications/MAMP/htdocs/wp-content/themes/masterstudy/page.php:241
Stack trace:
#0 /Applications/MAMP/htdocs/wp-includes/template-loader.php(106): include()
#1 /Applications/MAMP/htdocs/wp-blog-header.php(19): require_once('/Applications/M...')
#2 /Applications/MAMP/htdocs/index.php(17): require('/Applications/M...')
#3 {main}
  thrown(/Applications/MAMP/htdocs/wp-content/themes/masterstudy/page.php, 줄 241)

2023-03-20T13:59:17+00:00 CRITICAL Uncaught Error: Call to undefined function table_list() in /Applications/MAMP/htdocs/wp-content/themes/masterstudy/page.php:241
Stack trace:
#0 /Applications/MAMP/htdocs/wp-includes/template-loader.php(106): include()
#1 /Applications/MAMP/htdocs/wp-blog-header.php(19): require_once('/Applications/M...')
#2 /Applications/MAMP/htdocs/index.php(17): require('/Applications/M...')
#3 {main}
  thrown(/Applications/MAMP/htdocs/wp-content/themes/masterstudy/page.php, 줄 241)

2023-03-20T13:59:30+00:00 CRITICAL Uncaught Error: Call to undefined function table_list() in /Applications/MAMP/htdocs/wp-content/themes/masterstudy/page.php:241
Stack trace:
#0 /Applications/MAMP/htdocs/wp-includes/template-loader.php(106): include()
#1 /Applications/MAMP/htdocs/wp-blog-header.php(19): require_once('/Applications/M...')
#2 /Applications/MAMP/htdocs/index.php(17): require('/Applications/M...')
#3 {main}
  thrown(/Applications/MAMP/htdocs/wp-content/themes/masterstudy/page.php, 줄 241)

