2022-07-01T04:57:40+00:00 CRITICAL Uncaught Error: Object of class WP_Query could not be converted to string in /Applications/MAMP/htdocs/wp-content/plugins/masterstudy-lms-learning-management-system/stm-lms-templates/course/parts/lesson.php:27
Stack trace:
#0 /Applications/MAMP/htdocs/wp-content/plugins/masterstudy-lms-learning-management-system/lms/classes/templates.php(141): include()
#1 /Applications/MAMP/htdocs/wp-content/plugins/masterstudy-lms-learning-management-system/stm-lms-templates/stm-lms-lesson.php(98): STM_LMS_Templates::load_lms_template('course/parts/le...', Array)
#2 /Applications/MAMP/htdocs/wp-includes/template-loader.php(106): include('/Applications/M...')
#3 /Applications/MAMP/htdocs/wp-blog-header.php(19): require_once('/Applications/M...')
#4 /Applications/MAMP/htdocs/index.php(17): require('/Applications/M...')
#5 {main}
  thrown(/Applications/MAMP/htdocs/wp-content/plugins/masterstudy-lms-learning-management-system/stm-lms-templates/course/parts/lesson.php, 줄 27)

2022-07-01T04:57:48+00:00 CRITICAL Uncaught Error: Object of class WP_Query could not be converted to string in /Applications/MAMP/htdocs/wp-content/plugins/masterstudy-lms-learning-management-system/stm-lms-templates/course/parts/lesson.php:27
Stack trace:
#0 /Applications/MAMP/htdocs/wp-content/plugins/masterstudy-lms-learning-management-system/lms/classes/templates.php(141): include()
#1 /Applications/MAMP/htdocs/wp-content/plugins/masterstudy-lms-learning-management-system/stm-lms-templates/stm-lms-lesson.php(98): STM_LMS_Templates::load_lms_template('course/parts/le...', Array)
#2 /Applications/MAMP/htdocs/wp-includes/template-loader.php(106): include('/Applications/M...')
#3 /Applications/MAMP/htdocs/wp-blog-header.php(19): require_once('/Applications/M...')
#4 /Applications/MAMP/htdocs/index.php(17): require('/Applications/M...')
#5 {main}
  thrown(/Applications/MAMP/htdocs/wp-content/plugins/masterstudy-lms-learning-management-system/stm-lms-templates/course/parts/lesson.php, 줄 27)

2022-07-01T04:57:54+00:00 CRITICAL Uncaught Error: Object of class WP_Query could not be converted to string in /Applications/MAMP/htdocs/wp-content/plugins/masterstudy-lms-learning-management-system/stm-lms-templates/course/parts/lesson.php:27
Stack trace:
#0 /Applications/MAMP/htdocs/wp-content/plugins/masterstudy-lms-learning-management-system/lms/classes/templates.php(141): include()
#1 /Applications/MAMP/htdocs/wp-content/plugins/masterstudy-lms-learning-management-system/stm-lms-templates/stm-lms-lesson.php(98): STM_LMS_Templates::load_lms_template('course/parts/le...', Array)
#2 /Applications/MAMP/htdocs/wp-includes/template-loader.php(106): include('/Applications/M...')
#3 /Applications/MAMP/htdocs/wp-blog-header.php(19): require_once('/Applications/M...')
#4 /Applications/MAMP/htdocs/index.php(17): require('/Applications/M...')
#5 {main}
  thrown(/Applications/MAMP/htdocs/wp-content/plugins/masterstudy-lms-learning-management-system/stm-lms-templates/course/parts/lesson.php, 줄 27)

2022-07-01T04:58:03+00:00 CRITICAL Uncaught Error: Object of class WP_Query could not be converted to string in /Applications/MAMP/htdocs/wp-content/plugins/masterstudy-lms-learning-management-system/stm-lms-templates/course/parts/lesson.php:27
Stack trace:
#0 /Applications/MAMP/htdocs/wp-content/plugins/masterstudy-lms-learning-management-system/lms/classes/templates.php(141): include()
#1 /Applications/MAMP/htdocs/wp-content/plugins/masterstudy-lms-learning-management-system/stm-lms-templates/stm-lms-lesson.php(98): STM_LMS_Templates::load_lms_template('course/parts/le...', Array)
#2 /Applications/MAMP/htdocs/wp-includes/template-loader.php(106): include('/Applications/M...')
#3 /Applications/MAMP/htdocs/wp-blog-header.php(19): require_once('/Applications/M...')
#4 /Applications/MAMP/htdocs/index.php(17): require('/Applications/M...')
#5 {main}
  thrown(/Applications/MAMP/htdocs/wp-content/plugins/masterstudy-lms-learning-management-system/stm-lms-templates/course/parts/lesson.php, 줄 27)

2022-07-01T04:58:11+00:00 CRITICAL Uncaught Error: Object of class WP_Query could not be converted to string in /Applications/MAMP/htdocs/wp-content/plugins/masterstudy-lms-learning-management-system/stm-lms-templates/course/parts/lesson.php:27
Stack trace:
#0 /Applications/MAMP/htdocs/wp-content/plugins/masterstudy-lms-learning-management-system/lms/classes/templates.php(141): include()
#1 /Applications/MAMP/htdocs/wp-content/plugins/masterstudy-lms-learning-management-system/stm-lms-templates/stm-lms-lesson.php(98): STM_LMS_Templates::load_lms_template('course/parts/le...', Array)
#2 /Applications/MAMP/htdocs/wp-includes/template-loader.php(106): include('/Applications/M...')
#3 /Applications/MAMP/htdocs/wp-blog-header.php(19): require_once('/Applications/M...')
#4 /Applications/MAMP/htdocs/index.php(17): require('/Applications/M...')
#5 {main}
  thrown(/Applications/MAMP/htdocs/wp-content/plugins/masterstudy-lms-learning-management-system/stm-lms-templates/course/parts/lesson.php, 줄 27)

2022-07-01T04:58:29+00:00 CRITICAL Uncaught Error: Object of class WP_Query could not be converted to string in /Applications/MAMP/htdocs/wp-content/plugins/masterstudy-lms-learning-management-system/stm-lms-templates/course/parts/lesson.php:27
Stack trace:
#0 /Applications/MAMP/htdocs/wp-content/plugins/masterstudy-lms-learning-management-system/lms/classes/templates.php(141): include()
#1 /Applications/MAMP/htdocs/wp-content/plugins/masterstudy-lms-learning-management-system/stm-lms-templates/stm-lms-lesson.php(98): STM_LMS_Templates::load_lms_template('course/parts/le...', Array)
#2 /Applications/MAMP/htdocs/wp-includes/template-loader.php(106): include('/Applications/M...')
#3 /Applications/MAMP/htdocs/wp-blog-header.php(19): require_once('/Applications/M...')
#4 /Applications/MAMP/htdocs/index.php(17): require('/Applications/M...')
#5 {main}
  thrown(/Applications/MAMP/htdocs/wp-content/plugins/masterstudy-lms-learning-management-system/stm-lms-templates/course/parts/lesson.php, 줄 27)

2022-07-01T04:58:45+00:00 CRITICAL Uncaught Error: Object of class WP_Query could not be converted to string in /Applications/MAMP/htdocs/wp-content/plugins/masterstudy-lms-learning-management-system/stm-lms-templates/course/parts/lesson.php:27
Stack trace:
#0 /Applications/MAMP/htdocs/wp-content/plugins/masterstudy-lms-learning-management-system/lms/classes/templates.php(141): include()
#1 /Applications/MAMP/htdocs/wp-content/plugins/masterstudy-lms-learning-management-system/stm-lms-templates/stm-lms-lesson.php(98): STM_LMS_Templates::load_lms_template('course/parts/le...', Array)
#2 /Applications/MAMP/htdocs/wp-includes/template-loader.php(106): include('/Applications/M...')
#3 /Applications/MAMP/htdocs/wp-blog-header.php(19): require_once('/Applications/M...')
#4 /Applications/MAMP/htdocs/index.php(17): require('/Applications/M...')
#5 {main}
  thrown(/Applications/MAMP/htdocs/wp-content/plugins/masterstudy-lms-learning-management-system/stm-lms-templates/course/parts/lesson.php, 줄 27)

2022-07-01T05:00:10+00:00 CRITICAL Uncaught Error: Object of class WP_Query could not be converted to string in /Applications/MAMP/htdocs/wp-content/plugins/masterstudy-lms-learning-management-system/stm-lms-templates/course/parts/lesson.php:27
Stack trace:
#0 /Applications/MAMP/htdocs/wp-content/plugins/masterstudy-lms-learning-management-system/lms/classes/templates.php(141): include()
#1 /Applications/MAMP/htdocs/wp-content/plugins/masterstudy-lms-learning-management-system/stm-lms-templates/stm-lms-lesson.php(98): STM_LMS_Templates::load_lms_template('course/parts/le...', Array)
#2 /Applications/MAMP/htdocs/wp-includes/template-loader.php(106): include('/Applications/M...')
#3 /Applications/MAMP/htdocs/wp-blog-header.php(19): require_once('/Applications/M...')
#4 /Applications/MAMP/htdocs/index.php(17): require('/Applications/M...')
#5 {main}
  thrown(/Applications/MAMP/htdocs/wp-content/plugins/masterstudy-lms-learning-management-system/stm-lms-templates/course/parts/lesson.php, 줄 27)

2022-07-01T05:02:16+00:00 CRITICAL Uncaught Error: Object of class WP_Query could not be converted to string in /Applications/MAMP/htdocs/wp-content/plugins/masterstudy-lms-learning-management-system/stm-lms-templates/course/parts/lesson.php:27
Stack trace:
#0 /Applications/MAMP/htdocs/wp-content/plugins/masterstudy-lms-learning-management-system/lms/classes/templates.php(141): include()
#1 /Applications/MAMP/htdocs/wp-content/plugins/masterstudy-lms-learning-management-system/stm-lms-templates/stm-lms-lesson.php(98): STM_LMS_Templates::load_lms_template('course/parts/le...', Array)
#2 /Applications/MAMP/htdocs/wp-includes/template-loader.php(106): include('/Applications/M...')
#3 /Applications/MAMP/htdocs/wp-blog-header.php(19): require_once('/Applications/M...')
#4 /Applications/MAMP/htdocs/index.php(17): require('/Applications/M...')
#5 {main}
  thrown(/Applications/MAMP/htdocs/wp-content/plugins/masterstudy-lms-learning-management-system/stm-lms-templates/course/parts/lesson.php, 줄 27)

2022-07-01T05:02:45+00:00 CRITICAL Uncaught Error: Object of class WP_Query could not be converted to string in /Applications/MAMP/htdocs/wp-content/plugins/masterstudy-lms-learning-management-system/stm-lms-templates/course/parts/lesson.php:27
Stack trace:
#0 /Applications/MAMP/htdocs/wp-content/plugins/masterstudy-lms-learning-management-system/lms/classes/templates.php(141): include()
#1 /Applications/MAMP/htdocs/wp-content/plugins/masterstudy-lms-learning-management-system/stm-lms-templates/stm-lms-lesson.php(98): STM_LMS_Templates::load_lms_template('course/parts/le...', Array)
#2 /Applications/MAMP/htdocs/wp-includes/template-loader.php(106): include('/Applications/M...')
#3 /Applications/MAMP/htdocs/wp-blog-header.php(19): require_once('/Applications/M...')
#4 /Applications/MAMP/htdocs/index.php(17): require('/Applications/M...')
#5 {main}
  thrown(/Applications/MAMP/htdocs/wp-content/plugins/masterstudy-lms-learning-management-system/stm-lms-templates/course/parts/lesson.php, 줄 27)

2022-07-01T05:04:42+00:00 CRITICAL Uncaught Error: Object of class WP_Query could not be converted to string in /Applications/MAMP/htdocs/wp-content/plugins/masterstudy-lms-learning-management-system/stm-lms-templates/course/parts/lesson.php:27
Stack trace:
#0 /Applications/MAMP/htdocs/wp-content/plugins/masterstudy-lms-learning-management-system/lms/classes/templates.php(141): include()
#1 /Applications/MAMP/htdocs/wp-content/plugins/masterstudy-lms-learning-management-system/stm-lms-templates/stm-lms-lesson.php(98): STM_LMS_Templates::load_lms_template('course/parts/le...', Array)
#2 /Applications/MAMP/htdocs/wp-includes/template-loader.php(106): include('/Applications/M...')
#3 /Applications/MAMP/htdocs/wp-blog-header.php(19): require_once('/Applications/M...')
#4 /Applications/MAMP/htdocs/index.php(17): require('/Applications/M...')
#5 {main}
  thrown(/Applications/MAMP/htdocs/wp-content/plugins/masterstudy-lms-learning-management-system/stm-lms-templates/course/parts/lesson.php, 줄 27)

2022-07-01T06:02:23+00:00 CRITICAL Uncaught Error: Object of class WP_Query could not be converted to string in /Applications/MAMP/htdocs/wp-content/plugins/masterstudy-lms-learning-management-system/stm-lms-templates/course/parts/lesson.php:27
Stack trace:
#0 /Applications/MAMP/htdocs/wp-content/plugins/masterstudy-lms-learning-management-system/lms/classes/templates.php(141): include()
#1 /Applications/MAMP/htdocs/wp-content/plugins/masterstudy-lms-learning-management-system/stm-lms-templates/stm-lms-lesson.php(98): STM_LMS_Templates::load_lms_template('course/parts/le...', Array)
#2 /Applications/MAMP/htdocs/wp-includes/template-loader.php(106): include('/Applications/M...')
#3 /Applications/MAMP/htdocs/wp-blog-header.php(19): require_once('/Applications/M...')
#4 /Applications/MAMP/htdocs/index.php(17): require('/Applications/M...')
#5 {main}
  thrown(/Applications/MAMP/htdocs/wp-content/plugins/masterstudy-lms-learning-management-system/stm-lms-templates/course/parts/lesson.php, 줄 27)

2022-07-01T06:02:32+00:00 CRITICAL Uncaught Error: Object of class WP_Query could not be converted to string in /Applications/MAMP/htdocs/wp-content/plugins/masterstudy-lms-learning-management-system/stm-lms-templates/course/parts/lesson.php:27
Stack trace:
#0 /Applications/MAMP/htdocs/wp-content/plugins/masterstudy-lms-learning-management-system/lms/classes/templates.php(141): include()
#1 /Applications/MAMP/htdocs/wp-content/plugins/masterstudy-lms-learning-management-system/stm-lms-templates/stm-lms-lesson.php(98): STM_LMS_Templates::load_lms_template('course/parts/le...', Array)
#2 /Applications/MAMP/htdocs/wp-includes/template-loader.php(106): include('/Applications/M...')
#3 /Applications/MAMP/htdocs/wp-blog-header.php(19): require_once('/Applications/M...')
#4 /Applications/MAMP/htdocs/index.php(17): require('/Applications/M...')
#5 {main}
  thrown(/Applications/MAMP/htdocs/wp-content/plugins/masterstudy-lms-learning-management-system/stm-lms-templates/course/parts/lesson.php, 줄 27)

2022-07-01T06:02:41+00:00 CRITICAL Uncaught Error: Object of class WP_Query could not be converted to string in /Applications/MAMP/htdocs/wp-content/plugins/masterstudy-lms-learning-management-system/stm-lms-templates/course/parts/lesson.php:27
Stack trace:
#0 /Applications/MAMP/htdocs/wp-content/plugins/masterstudy-lms-learning-management-system/lms/classes/templates.php(141): include()
#1 /Applications/MAMP/htdocs/wp-content/plugins/masterstudy-lms-learning-management-system/stm-lms-templates/stm-lms-lesson.php(98): STM_LMS_Templates::load_lms_template('course/parts/le...', Array)
#2 /Applications/MAMP/htdocs/wp-includes/template-loader.php(106): include('/Applications/M...')
#3 /Applications/MAMP/htdocs/wp-blog-header.php(19): require_once('/Applications/M...')
#4 /Applications/MAMP/htdocs/index.php(17): require('/Applications/M...')
#5 {main}
  thrown(/Applications/MAMP/htdocs/wp-content/plugins/masterstudy-lms-learning-management-system/stm-lms-templates/course/parts/lesson.php, 줄 27)

2022-07-01T06:43:35+00:00 CRITICAL Uncaught Error: Object of class WP_Query could not be converted to string in /Applications/MAMP/htdocs/wp-content/plugins/masterstudy-lms-learning-management-system/stm-lms-templates/course/parts/lesson.php:41
Stack trace:
#0 /Applications/MAMP/htdocs/wp-content/plugins/masterstudy-lms-learning-management-system/lms/classes/templates.php(141): include()
#1 /Applications/MAMP/htdocs/wp-content/plugins/masterstudy-lms-learning-management-system/stm-lms-templates/stm-lms-lesson.php(98): STM_LMS_Templates::load_lms_template('course/parts/le...', Array)
#2 /Applications/MAMP/htdocs/wp-includes/template-loader.php(106): include('/Applications/M...')
#3 /Applications/MAMP/htdocs/wp-blog-header.php(19): require_once('/Applications/M...')
#4 /Applications/MAMP/htdocs/index.php(17): require('/Applications/M...')
#5 {main}
  thrown(/Applications/MAMP/htdocs/wp-content/plugins/masterstudy-lms-learning-management-system/stm-lms-templates/course/parts/lesson.php, 줄 41)

2022-07-01T06:43:50+00:00 CRITICAL syntax error, unexpected '?>'(/Applications/MAMP/htdocs/wp-content/plugins/masterstudy-lms-learning-management-system/stm-lms-templates/course/parts/lesson.php, 줄 43)

2022-07-01T08:46:33+00:00 CRITICAL Uncaught Error: Call to a member function query() on null in /Applications/MAMP/htdocs/wp-content/plugins/masterstudy-lms-learning-management-system/stm-lms-templates/course/parts/lesson.php:45
Stack trace:
#0 /Applications/MAMP/htdocs/wp-content/plugins/masterstudy-lms-learning-management-system/lms/classes/templates.php(141): include()
#1 /Applications/MAMP/htdocs/wp-content/plugins/masterstudy-lms-learning-management-system/stm-lms-templates/stm-lms-lesson.php(98): STM_LMS_Templates::load_lms_template('course/parts/le...', Array)
#2 /Applications/MAMP/htdocs/wp-includes/template-loader.php(106): include('/Applications/M...')
#3 /Applications/MAMP/htdocs/wp-blog-header.php(19): require_once('/Applications/M...')
#4 /Applications/MAMP/htdocs/index.php(17): require('/Applications/M...')
#5 {main}
  thrown(/Applications/MAMP/htdocs/wp-content/plugins/masterstudy-lms-learning-management-system/stm-lms-templates/course/parts/lesson.php, 줄 45)

2022-07-01T08:47:00+00:00 CRITICAL Uncaught Error: Call to a member function query() on null in /Applications/MAMP/htdocs/wp-content/plugins/masterstudy-lms-learning-management-system/stm-lms-templates/course/parts/lesson.php:45
Stack trace:
#0 /Applications/MAMP/htdocs/wp-content/plugins/masterstudy-lms-learning-management-system/lms/classes/templates.php(141): include()
#1 /Applications/MAMP/htdocs/wp-content/plugins/masterstudy-lms-learning-management-system/stm-lms-templates/stm-lms-lesson.php(98): STM_LMS_Templates::load_lms_template('course/parts/le...', Array)
#2 /Applications/MAMP/htdocs/wp-includes/template-loader.php(106): include('/Applications/M...')
#3 /Applications/MAMP/htdocs/wp-blog-header.php(19): require_once('/Applications/M...')
#4 /Applications/MAMP/htdocs/index.php(17): require('/Applications/M...')
#5 {main}
  thrown(/Applications/MAMP/htdocs/wp-content/plugins/masterstudy-lms-learning-management-system/stm-lms-templates/course/parts/lesson.php, 줄 45)

2022-07-01T08:51:59+00:00 CRITICAL Uncaught Error: Call to a member function get_row() on null in /Applications/MAMP/htdocs/wp-content/plugins/masterstudy-lms-learning-management-system/stm-lms-templates/course/parts/lesson.php:45
Stack trace:
#0 /Applications/MAMP/htdocs/wp-content/plugins/masterstudy-lms-learning-management-system/lms/classes/templates.php(141): include()
#1 /Applications/MAMP/htdocs/wp-content/plugins/masterstudy-lms-learning-management-system/stm-lms-templates/stm-lms-lesson.php(98): STM_LMS_Templates::load_lms_template('course/parts/le...', Array)
#2 /Applications/MAMP/htdocs/wp-includes/template-loader.php(106): include('/Applications/M...')
#3 /Applications/MAMP/htdocs/wp-blog-header.php(19): require_once('/Applications/M...')
#4 /Applications/MAMP/htdocs/index.php(17): require('/Applications/M...')
#5 {main}
  thrown(/Applications/MAMP/htdocs/wp-content/plugins/masterstudy-lms-learning-management-system/stm-lms-templates/course/parts/lesson.php, 줄 45)

2022-07-01T08:53:09+00:00 CRITICAL Uncaught Error: Call to a member function get_row() on null in /Applications/MAMP/htdocs/wp-content/plugins/masterstudy-lms-learning-management-system/stm-lms-templates/course/parts/lesson.php:45
Stack trace:
#0 /Applications/MAMP/htdocs/wp-content/plugins/masterstudy-lms-learning-management-system/lms/classes/templates.php(141): include()
#1 /Applications/MAMP/htdocs/wp-content/plugins/masterstudy-lms-learning-management-system/stm-lms-templates/stm-lms-lesson.php(98): STM_LMS_Templates::load_lms_template('course/parts/le...', Array)
#2 /Applications/MAMP/htdocs/wp-includes/template-loader.php(106): include('/Applications/M...')
#3 /Applications/MAMP/htdocs/wp-blog-header.php(19): require_once('/Applications/M...')
#4 /Applications/MAMP/htdocs/index.php(17): require('/Applications/M...')
#5 {main}
  thrown(/Applications/MAMP/htdocs/wp-content/plugins/masterstudy-lms-learning-management-system/stm-lms-templates/course/parts/lesson.php, 줄 45)

2022-07-01T08:54:21+00:00 CRITICAL Uncaught Error: Call to a member function get_row() on null in /Applications/MAMP/htdocs/wp-content/plugins/masterstudy-lms-learning-management-system/stm-lms-templates/course/parts/lesson.php:45
Stack trace:
#0 /Applications/MAMP/htdocs/wp-content/plugins/masterstudy-lms-learning-management-system/lms/classes/templates.php(141): include()
#1 /Applications/MAMP/htdocs/wp-content/plugins/masterstudy-lms-learning-management-system/stm-lms-templates/stm-lms-lesson.php(98): STM_LMS_Templates::load_lms_template('course/parts/le...', Array)
#2 /Applications/MAMP/htdocs/wp-includes/template-loader.php(106): include('/Applications/M...')
#3 /Applications/MAMP/htdocs/wp-blog-header.php(19): require_once('/Applications/M...')
#4 /Applications/MAMP/htdocs/index.php(17): require('/Applications/M...')
#5 {main}
  thrown(/Applications/MAMP/htdocs/wp-content/plugins/masterstudy-lms-learning-management-system/stm-lms-templates/course/parts/lesson.php, 줄 45)

2022-07-01T08:57:28+00:00 CRITICAL Uncaught Error: Call to a member function get_row() on null in /Applications/MAMP/htdocs/wp-content/plugins/masterstudy-lms-learning-management-system/stm-lms-templates/course/parts/lesson.php:45
Stack trace:
#0 /Applications/MAMP/htdocs/wp-content/plugins/masterstudy-lms-learning-management-system/lms/classes/templates.php(141): include()
#1 /Applications/MAMP/htdocs/wp-content/plugins/masterstudy-lms-learning-management-system/stm-lms-templates/stm-lms-lesson.php(98): STM_LMS_Templates::load_lms_template('course/parts/le...', Array)
#2 /Applications/MAMP/htdocs/wp-includes/template-loader.php(106): include('/Applications/M...')
#3 /Applications/MAMP/htdocs/wp-blog-header.php(19): require_once('/Applications/M...')
#4 /Applications/MAMP/htdocs/index.php(17): require('/Applications/M...')
#5 {main}
  thrown(/Applications/MAMP/htdocs/wp-content/plugins/masterstudy-lms-learning-management-system/stm-lms-templates/course/parts/lesson.php, 줄 45)

2022-07-01T08:57:51+00:00 CRITICAL Uncaught Error: Call to a member function get_row() on null in /Applications/MAMP/htdocs/wp-content/plugins/masterstudy-lms-learning-management-system/stm-lms-templates/course/parts/lesson.php:45
Stack trace:
#0 /Applications/MAMP/htdocs/wp-content/plugins/masterstudy-lms-learning-management-system/lms/classes/templates.php(141): include()
#1 /Applications/MAMP/htdocs/wp-content/plugins/masterstudy-lms-learning-management-system/stm-lms-templates/stm-lms-lesson.php(98): STM_LMS_Templates::load_lms_template('course/parts/le...', Array)
#2 /Applications/MAMP/htdocs/wp-includes/template-loader.php(106): include('/Applications/M...')
#3 /Applications/MAMP/htdocs/wp-blog-header.php(19): require_once('/Applications/M...')
#4 /Applications/MAMP/htdocs/index.php(17): require('/Applications/M...')
#5 {main}
  thrown(/Applications/MAMP/htdocs/wp-content/plugins/masterstudy-lms-learning-management-system/stm-lms-templates/course/parts/lesson.php, 줄 45)

2022-07-01T09:02:37+00:00 CRITICAL Uncaught Error: Call to a member function get_row() on null in /Applications/MAMP/htdocs/wp-content/plugins/masterstudy-lms-learning-management-system/stm-lms-templates/course/parts/lesson.php:45
Stack trace:
#0 /Applications/MAMP/htdocs/wp-content/plugins/masterstudy-lms-learning-management-system/lms/classes/templates.php(141): include()
#1 /Applications/MAMP/htdocs/wp-content/plugins/masterstudy-lms-learning-management-system/stm-lms-templates/stm-lms-lesson.php(98): STM_LMS_Templates::load_lms_template('course/parts/le...', Array)
#2 /Applications/MAMP/htdocs/wp-includes/template-loader.php(106): include('/Applications/M...')
#3 /Applications/MAMP/htdocs/wp-blog-header.php(19): require_once('/Applications/M...')
#4 /Applications/MAMP/htdocs/index.php(17): require('/Applications/M...')
#5 {main}
  thrown(/Applications/MAMP/htdocs/wp-content/plugins/masterstudy-lms-learning-management-system/stm-lms-templates/course/parts/lesson.php, 줄 45)

2022-07-01T09:08:54+00:00 CRITICAL Uncaught Error: Call to a member function get_row() on null in /Applications/MAMP/htdocs/wp-content/plugins/masterstudy-lms-learning-management-system/stm-lms-templates/course/parts/lesson.php:45
Stack trace:
#0 /Applications/MAMP/htdocs/wp-content/plugins/masterstudy-lms-learning-management-system/lms/classes/templates.php(141): include()
#1 /Applications/MAMP/htdocs/wp-content/plugins/masterstudy-lms-learning-management-system/stm-lms-templates/stm-lms-lesson.php(98): STM_LMS_Templates::load_lms_template('course/parts/le...', Array)
#2 /Applications/MAMP/htdocs/wp-includes/template-loader.php(106): include('/Applications/M...')
#3 /Applications/MAMP/htdocs/wp-blog-header.php(19): require_once('/Applications/M...')
#4 /Applications/MAMP/htdocs/index.php(17): require('/Applications/M...')
#5 {main}
  thrown(/Applications/MAMP/htdocs/wp-content/plugins/masterstudy-lms-learning-management-system/stm-lms-templates/course/parts/lesson.php, 줄 45)

2022-07-01T09:12:31+00:00 CRITICAL Uncaught Error: Call to a member function get_results() on null in /Applications/MAMP/htdocs/wp-content/plugins/masterstudy-lms-learning-management-system/stm-lms-templates/course/parts/lesson.php:45
Stack trace:
#0 /Applications/MAMP/htdocs/wp-content/plugins/masterstudy-lms-learning-management-system/lms/classes/templates.php(141): include()
#1 /Applications/MAMP/htdocs/wp-content/plugins/masterstudy-lms-learning-management-system/stm-lms-templates/stm-lms-lesson.php(98): STM_LMS_Templates::load_lms_template('course/parts/le...', Array)
#2 /Applications/MAMP/htdocs/wp-includes/template-loader.php(106): include('/Applications/M...')
#3 /Applications/MAMP/htdocs/wp-blog-header.php(19): require_once('/Applications/M...')
#4 /Applications/MAMP/htdocs/index.php(17): require('/Applications/M...')
#5 {main}
  thrown(/Applications/MAMP/htdocs/wp-content/plugins/masterstudy-lms-learning-management-system/stm-lms-templates/course/parts/lesson.php, 줄 45)

2022-07-01T09:14:47+00:00 CRITICAL Uncaught Error: Call to a member function get_results() on null in /Applications/MAMP/htdocs/wp-content/plugins/masterstudy-lms-learning-management-system/stm-lms-templates/course/parts/lesson.php:27
Stack trace:
#0 /Applications/MAMP/htdocs/wp-content/plugins/masterstudy-lms-learning-management-system/lms/classes/templates.php(141): include()
#1 /Applications/MAMP/htdocs/wp-content/plugins/masterstudy-lms-learning-management-system/stm-lms-templates/stm-lms-lesson.php(98): STM_LMS_Templates::load_lms_template('course/parts/le...', Array)
#2 /Applications/MAMP/htdocs/wp-includes/template-loader.php(106): include('/Applications/M...')
#3 /Applications/MAMP/htdocs/wp-blog-header.php(19): require_once('/Applications/M...')
#4 /Applications/MAMP/htdocs/index.php(17): require('/Applications/M...')
#5 {main}
  thrown(/Applications/MAMP/htdocs/wp-content/plugins/masterstudy-lms-learning-management-system/stm-lms-templates/course/parts/lesson.php, 줄 27)

