2022-10-06T08:26:29+00:00 CRITICAL Uncaught Error: Call to a member function get_permalink() on null in /Applications/MAMP/htdocs/wp-content/plugins/masterstudy-lms-learning-management-system/stm-lms-templates/course/parts/temp.php:84
Stack trace:
#0 /Applications/MAMP/htdocs/wp-content/plugins/masterstudy-lms-learning-management-system/stm-lms-templates/stm-lms-lesson.php(105): require()
#1 /Applications/MAMP/htdocs/wp-includes/template-loader.php(106): include('/Applications/M...')
#2 /Applications/MAMP/htdocs/wp-blog-header.php(19): require_once('/Applications/M...')
#3 /Applications/MAMP/htdocs/index.php(17): require('/Applications/M...')
#4 {main}
  thrown(/Applications/MAMP/htdocs/wp-content/plugins/masterstudy-lms-learning-management-system/stm-lms-templates/course/parts/temp.php, 줄 84)

2022-10-06T08:26:35+00:00 CRITICAL Uncaught Error: Call to a member function get_permalink() on null in /Applications/MAMP/htdocs/wp-content/plugins/masterstudy-lms-learning-management-system/stm-lms-templates/course/parts/temp.php:84
Stack trace:
#0 /Applications/MAMP/htdocs/wp-content/plugins/masterstudy-lms-learning-management-system/stm-lms-templates/stm-lms-lesson.php(105): require()
#1 /Applications/MAMP/htdocs/wp-includes/template-loader.php(106): include('/Applications/M...')
#2 /Applications/MAMP/htdocs/wp-blog-header.php(19): require_once('/Applications/M...')
#3 /Applications/MAMP/htdocs/index.php(17): require('/Applications/M...')
#4 {main}
  thrown(/Applications/MAMP/htdocs/wp-content/plugins/masterstudy-lms-learning-management-system/stm-lms-templates/course/parts/temp.php, 줄 84)

2022-10-06T08:59:33+00:00 CRITICAL Uncaught Error: Call to a member function is_purchasable() on null in /Applications/MAMP/htdocs/wp-content/themes/masterstudy/woocommerce/single-product/add-to-cart/simple.php:22
Stack trace:
#0 /Applications/MAMP/htdocs/wp-content/plugins/woocommerce/includes/wc-core-functions.php(345): include()
#1 /Applications/MAMP/htdocs/wp-content/plugins/woocommerce/includes/wc-template-functions.php(1676): wc_get_template('single-product/...')
#2 /Applications/MAMP/htdocs/wp-includes/class-wp-hook.php(307): woocommerce_simple_add_to_cart('')
#3 /Applications/MAMP/htdocs/wp-includes/class-wp-hook.php(331): WP_Hook->apply_filters('', Array)
#4 /Applications/MAMP/htdocs/wp-includes/plugin.php(476): WP_Hook->do_action(Array)
#5 /Applications/MAMP/htdocs/wp-content/plugins/woocommerce/includes/wc-template-functions.php(1667): do_action('woocommerce_sim...')
#6 /Applications/MAMP/htdocs/wp-includes/class-wp-hook.php(307): woocommerce_template_single_add_to_cart('')
#7 /Applications/MAMP/htdocs/wp-includes/class-wp-hook.php((/Applications/MAMP/htdocs/wp-content/themes/masterstudy/woocommerce/single-product/add-to-cart/simple.php, 줄 22)

2022-10-06T11:41:13+00:00 CRITICAL Uncaught Error: Class name must be a valid object or a string in /Applications/MAMP/htdocs/wp-content/plugins/masterstudy-lms-learning-management-system/stm-lms-templates/course/parts/temp.php:77
Stack trace:
#0 /Applications/MAMP/htdocs/wp-content/plugins/masterstudy-lms-learning-management-system/stm-lms-templates/stm-lms-lesson.php(105): require()
#1 /Applications/MAMP/htdocs/wp-includes/template-loader.php(106): include('/Applications/M...')
#2 /Applications/MAMP/htdocs/wp-blog-header.php(19): require_once('/Applications/M...')
#3 /Applications/MAMP/htdocs/index.php(17): require('/Applications/M...')
#4 {main}
  thrown(/Applications/MAMP/htdocs/wp-content/plugins/masterstudy-lms-learning-management-system/stm-lms-templates/course/parts/temp.php, 줄 77)

2022-10-06T11:42:06+00:00 CRITICAL Uncaught Error: Class name must be a valid object or a string in /Applications/MAMP/htdocs/wp-content/plugins/masterstudy-lms-learning-management-system/stm-lms-templates/course/parts/temp.php:77
Stack trace:
#0 /Applications/MAMP/htdocs/wp-content/plugins/masterstudy-lms-learning-management-system/stm-lms-templates/stm-lms-lesson.php(105): require()
#1 /Applications/MAMP/htdocs/wp-includes/template-loader.php(106): include('/Applications/M...')
#2 /Applications/MAMP/htdocs/wp-blog-header.php(19): require_once('/Applications/M...')
#3 /Applications/MAMP/htdocs/index.php(17): require('/Applications/M...')
#4 {main}
  thrown(/Applications/MAMP/htdocs/wp-content/plugins/masterstudy-lms-learning-management-system/stm-lms-templates/course/parts/temp.php, 줄 77)

