2023-03-10T06:35:19+00:00 CRITICAL Uncaught Error: Call to undefined function table_list() in /Applications/MAMP/htdocs/wp-content/themes/masterstudy/page.php:241
Stack trace:
#0 /Applications/MAMP/htdocs/wp-includes/template-loader.php(106): include()
#1 /Applications/MAMP/htdocs/wp-blog-header.php(19): require_once('/Applications/M...')
#2 /Applications/MAMP/htdocs/index.php(17): require('/Applications/M...')
#3 {main}
  thrown(/Applications/MAMP/htdocs/wp-content/themes/masterstudy/page.php, 줄 241)

2023-03-10T06:38:48+00:00 CRITICAL Uncaught Error: Call to undefined function table_list() in /Applications/MAMP/htdocs/wp-content/themes/masterstudy/page.php:241
Stack trace:
#0 /Applications/MAMP/htdocs/wp-includes/template-loader.php(106): include()
#1 /Applications/MAMP/htdocs/wp-blog-header.php(19): require_once('/Applications/M...')
#2 /Applications/MAMP/htdocs/index.php(17): require('/Applications/M...')
#3 {main}
  thrown(/Applications/MAMP/htdocs/wp-content/themes/masterstudy/page.php, 줄 241)

2023-03-10T06:43:53+00:00 CRITICAL Uncaught Error: Call to undefined function table_list() in /Applications/MAMP/htdocs/wp-content/themes/masterstudy/page.php:241
Stack trace:
#0 /Applications/MAMP/htdocs/wp-includes/template-loader.php(106): include()
#1 /Applications/MAMP/htdocs/wp-blog-header.php(19): require_once('/Applications/M...')
#2 /Applications/MAMP/htdocs/index.php(17): require('/Applications/M...')
#3 {main}
  thrown(/Applications/MAMP/htdocs/wp-content/themes/masterstudy/page.php, 줄 241)

2023-03-10T06:44:28+00:00 CRITICAL Uncaught Error: Call to undefined function table_list() in /Applications/MAMP/htdocs/wp-content/themes/masterstudy/page.php:241
Stack trace:
#0 /Applications/MAMP/htdocs/wp-includes/template-loader.php(106): include()
#1 /Applications/MAMP/htdocs/wp-blog-header.php(19): require_once('/Applications/M...')
#2 /Applications/MAMP/htdocs/index.php(17): require('/Applications/M...')
#3 {main}
  thrown(/Applications/MAMP/htdocs/wp-content/themes/masterstudy/page.php, 줄 241)

2023-03-10T06:45:22+00:00 CRITICAL Uncaught Error: Call to undefined function table_list() in /Applications/MAMP/htdocs/wp-content/themes/masterstudy/page.php:241
Stack trace:
#0 /Applications/MAMP/htdocs/wp-includes/template-loader.php(106): include()
#1 /Applications/MAMP/htdocs/wp-blog-header.php(19): require_once('/Applications/M...')
#2 /Applications/MAMP/htdocs/index.php(17): require('/Applications/M...')
#3 {main}
  thrown(/Applications/MAMP/htdocs/wp-content/themes/masterstudy/page.php, 줄 241)

2023-03-10T06:46:26+00:00 CRITICAL Uncaught Error: Call to undefined function table_list() in /Applications/MAMP/htdocs/wp-content/themes/masterstudy/page.php:241
Stack trace:
#0 /Applications/MAMP/htdocs/wp-includes/template-loader.php(106): include()
#1 /Applications/MAMP/htdocs/wp-blog-header.php(19): require_once('/Applications/M...')
#2 /Applications/MAMP/htdocs/index.php(17): require('/Applications/M...')
#3 {main}
  thrown(/Applications/MAMP/htdocs/wp-content/themes/masterstudy/page.php, 줄 241)

