2023-03-23T07:05:05+00:00 CRITICAL Uncaught Error: Call to undefined function table_list() in /Applications/MAMP/htdocs/wp-content/themes/masterstudy/page.php:241
Stack trace:
#0 /Applications/MAMP/htdocs/wp-includes/template-loader.php(106): include()
#1 /Applications/MAMP/htdocs/wp-blog-header.php(19): require_once('/Applications/M...')
#2 /Applications/MAMP/htdocs/index.php(17): require('/Applications/M...')
#3 {main}
  thrown(/Applications/MAMP/htdocs/wp-content/themes/masterstudy/page.php, 줄 241)

2023-03-23T07:05:20+00:00 CRITICAL Uncaught Error: Call to undefined function table_list() in /Applications/MAMP/htdocs/wp-content/themes/masterstudy/page.php:241
Stack trace:
#0 /Applications/MAMP/htdocs/wp-includes/template-loader.php(106): include()
#1 /Applications/MAMP/htdocs/wp-blog-header.php(19): require_once('/Applications/M...')
#2 /Applications/MAMP/htdocs/index.php(17): require('/Applications/M...')
#3 {main}
  thrown(/Applications/MAMP/htdocs/wp-content/themes/masterstudy/page.php, 줄 241)

2023-03-23T07:05:25+00:00 CRITICAL Uncaught Error: Call to undefined function table_list() in /Applications/MAMP/htdocs/wp-content/themes/masterstudy/page.php:241
Stack trace:
#0 /Applications/MAMP/htdocs/wp-includes/template-loader.php(106): include()
#1 /Applications/MAMP/htdocs/wp-blog-header.php(19): require_once('/Applications/M...')
#2 /Applications/MAMP/htdocs/index.php(17): require('/Applications/M...')
#3 {main}
  thrown(/Applications/MAMP/htdocs/wp-content/themes/masterstudy/page.php, 줄 241)

2023-03-23T07:05:28+00:00 CRITICAL Uncaught Error: Call to undefined function table_list() in /Applications/MAMP/htdocs/wp-content/themes/masterstudy/page.php:241
Stack trace:
#0 /Applications/MAMP/htdocs/wp-includes/template-loader.php(106): include()
#1 /Applications/MAMP/htdocs/wp-blog-header.php(19): require_once('/Applications/M...')
#2 /Applications/MAMP/htdocs/index.php(17): require('/Applications/M...')
#3 {main}
  thrown(/Applications/MAMP/htdocs/wp-content/themes/masterstudy/page.php, 줄 241)

2023-03-23T07:05:47+00:00 CRITICAL Uncaught Error: Call to undefined function table_list() in /Applications/MAMP/htdocs/wp-content/themes/masterstudy/page.php:241
Stack trace:
#0 /Applications/MAMP/htdocs/wp-includes/template-loader.php(106): include()
#1 /Applications/MAMP/htdocs/wp-blog-header.php(19): require_once('/Applications/M...')
#2 /Applications/MAMP/htdocs/index.php(17): require('/Applications/M...')
#3 {main}
  thrown(/Applications/MAMP/htdocs/wp-content/themes/masterstudy/page.php, 줄 241)

2023-03-23T07:06:27+00:00 CRITICAL Uncaught Error: Call to undefined function table_list() in /Applications/MAMP/htdocs/wp-content/themes/masterstudy/page.php:241
Stack trace:
#0 /Applications/MAMP/htdocs/wp-includes/template-loader.php(106): include()
#1 /Applications/MAMP/htdocs/wp-blog-header.php(19): require_once('/Applications/M...')
#2 /Applications/MAMP/htdocs/index.php(17): require('/Applications/M...')
#3 {main}
  thrown(/Applications/MAMP/htdocs/wp-content/themes/masterstudy/page.php, 줄 241)

2023-03-23T07:06:34+00:00 CRITICAL Uncaught Error: Call to undefined function table_list() in /Applications/MAMP/htdocs/wp-content/themes/masterstudy/page.php:241
Stack trace:
#0 /Applications/MAMP/htdocs/wp-includes/template-loader.php(106): include()
#1 /Applications/MAMP/htdocs/wp-blog-header.php(19): require_once('/Applications/M...')
#2 /Applications/MAMP/htdocs/index.php(17): require('/Applications/M...')
#3 {main}
  thrown(/Applications/MAMP/htdocs/wp-content/themes/masterstudy/page.php, 줄 241)

2023-03-23T07:06:37+00:00 CRITICAL #!trpst#trp-gettext data-trpgettextoriginal=645#!trpen#Uncaught Error: Call to undefined function table_list() in /Applications/MAMP/htdocs/wp-content/themes/masterstudy/page.php:241
Stack trace:
#0 /Applications/MAMP/htdocs/wp-includes/template-loader.php(106): include()
#1 /Applications/MAMP/htdocs/wp-blog-header.php(19): require_once('/Applications/M...')
#2 /Applications/MAMP/htdocs/index.php(17): require('/Applications/M...')
#3 {main}
  thrown in /Applications/MAMP/htdocs/wp-content/themes/masterstudy/page.php on line 241#!trpst#/trp-gettext#!trpen#

2023-03-23T07:06:43+00:00 CRITICAL #!trpst#trp-gettext data-trpgettextoriginal=645#!trpen#Uncaught Error: Call to undefined function table_list() in /Applications/MAMP/htdocs/wp-content/themes/masterstudy/page.php:241
Stack trace:
#0 /Applications/MAMP/htdocs/wp-includes/template-loader.php(106): include()
#1 /Applications/MAMP/htdocs/wp-blog-header.php(19): require_once('/Applications/M...')
#2 /Applications/MAMP/htdocs/index.php(17): require('/Applications/M...')
#3 {main}
  thrown in /Applications/MAMP/htdocs/wp-content/themes/masterstudy/page.php on line 241#!trpst#/trp-gettext#!trpen#

2023-03-23T07:06:58+00:00 CRITICAL #!trpst#trp-gettext data-trpgettextoriginal=645#!trpen#Uncaught Error: Call to undefined function table_list() in /Applications/MAMP/htdocs/wp-content/themes/masterstudy/page.php:241
Stack trace:
#0 /Applications/MAMP/htdocs/wp-includes/template-loader.php(106): include()
#1 /Applications/MAMP/htdocs/wp-blog-header.php(19): require_once('/Applications/M...')
#2 /Applications/MAMP/htdocs/index.php(17): require('/Applications/M...')
#3 {main}
  thrown in /Applications/MAMP/htdocs/wp-content/themes/masterstudy/page.php on line 241#!trpst#/trp-gettext#!trpen#

2023-03-23T07:09:02+00:00 CRITICAL #!trpst#trp-gettext data-trpgettextoriginal=645#!trpen#Uncaught Error: Call to undefined function table_list() in /Applications/MAMP/htdocs/wp-content/themes/masterstudy/page.php:241
Stack trace:
#0 /Applications/MAMP/htdocs/wp-includes/template-loader.php(106): include()
#1 /Applications/MAMP/htdocs/wp-blog-header.php(19): require_once('/Applications/M...')
#2 /Applications/MAMP/htdocs/index.php(17): require('/Applications/M...')
#3 {main}
  thrown in /Applications/MAMP/htdocs/wp-content/themes/masterstudy/page.php on line 241#!trpst#/trp-gettext#!trpen#

2023-03-23T07:09:10+00:00 CRITICAL #!trpst#trp-gettext data-trpgettextoriginal=645#!trpen#Uncaught Error: Call to undefined function table_list() in /Applications/MAMP/htdocs/wp-content/themes/masterstudy/page.php:241
Stack trace:
#0 /Applications/MAMP/htdocs/wp-includes/template-loader.php(106): include()
#1 /Applications/MAMP/htdocs/wp-blog-header.php(19): require_once('/Applications/M...')
#2 /Applications/MAMP/htdocs/index.php(17): require('/Applications/M...')
#3 {main}
  thrown in /Applications/MAMP/htdocs/wp-content/themes/masterstudy/page.php on line 241#!trpst#/trp-gettext#!trpen#

2023-03-23T07:09:22+00:00 CRITICAL #!trpst#trp-gettext data-trpgettextoriginal=645#!trpen#Uncaught Error: Call to undefined function table_list() in /Applications/MAMP/htdocs/wp-content/themes/masterstudy/page.php:241
Stack trace:
#0 /Applications/MAMP/htdocs/wp-includes/template-loader.php(106): include()
#1 /Applications/MAMP/htdocs/wp-blog-header.php(19): require_once('/Applications/M...')
#2 /Applications/MAMP/htdocs/index.php(17): require('/Applications/M...')
#3 {main}
  thrown in /Applications/MAMP/htdocs/wp-content/themes/masterstudy/page.php on line 241#!trpst#/trp-gettext#!trpen#

2023-03-23T07:09:37+00:00 CRITICAL Uncaught Error: Call to undefined function table_list() in /Applications/MAMP/htdocs/wp-content/themes/masterstudy/page.php:241
Stack trace:
#0 /Applications/MAMP/htdocs/wp-includes/template-loader.php(106): include()
#1 /Applications/MAMP/htdocs/wp-blog-header.php(19): require_once('/Applications/M...')
#2 /Applications/MAMP/htdocs/index.php(17): require('/Applications/M...')
#3 {main}
  thrown(/Applications/MAMP/htdocs/wp-content/themes/masterstudy/page.php, 줄 241)

2023-03-23T07:09:41+00:00 CRITICAL #!trpst#trp-gettext data-trpgettextoriginal=645#!trpen#Uncaught Error: Call to undefined function table_list() in /Applications/MAMP/htdocs/wp-content/themes/masterstudy/page.php:241
Stack trace:
#0 /Applications/MAMP/htdocs/wp-includes/template-loader.php(106): include()
#1 /Applications/MAMP/htdocs/wp-blog-header.php(19): require_once('/Applications/M...')
#2 /Applications/MAMP/htdocs/index.php(17): require('/Applications/M...')
#3 {main}
  thrown in /Applications/MAMP/htdocs/wp-content/themes/masterstudy/page.php on line 241#!trpst#/trp-gettext#!trpen#

2023-03-23T07:09:47+00:00 CRITICAL #!trpst#trp-gettext data-trpgettextoriginal=645#!trpen#Uncaught Error: Call to undefined function table_list() in /Applications/MAMP/htdocs/wp-content/themes/masterstudy/page.php:241
Stack trace:
#0 /Applications/MAMP/htdocs/wp-includes/template-loader.php(106): include()
#1 /Applications/MAMP/htdocs/wp-blog-header.php(19): require_once('/Applications/M...')
#2 /Applications/MAMP/htdocs/index.php(17): require('/Applications/M...')
#3 {main}
  thrown in /Applications/MAMP/htdocs/wp-content/themes/masterstudy/page.php on line 241#!trpst#/trp-gettext#!trpen#

2023-03-23T07:10:04+00:00 CRITICAL #!trpst#trp-gettext data-trpgettextoriginal=645#!trpen#Uncaught Error: Call to undefined function table_list() in /Applications/MAMP/htdocs/wp-content/themes/masterstudy/page.php:241
Stack trace:
#0 /Applications/MAMP/htdocs/wp-includes/template-loader.php(106): include()
#1 /Applications/MAMP/htdocs/wp-blog-header.php(19): require_once('/Applications/M...')
#2 /Applications/MAMP/htdocs/index.php(17): require('/Applications/M...')
#3 {main}
  thrown in /Applications/MAMP/htdocs/wp-content/themes/masterstudy/page.php on line 241#!trpst#/trp-gettext#!trpen#

2023-03-23T07:16:00+00:00 CRITICAL Uncaught Error: Call to undefined function table_list() in /Applications/MAMP/htdocs/wp-content/themes/masterstudy/page.php:241
Stack trace:
#0 /Applications/MAMP/htdocs/wp-includes/template-loader.php(106): include()
#1 /Applications/MAMP/htdocs/wp-blog-header.php(19): require_once('/Applications/M...')
#2 /Applications/MAMP/htdocs/index.php(17): require('/Applications/M...')
#3 {main}
  thrown(/Applications/MAMP/htdocs/wp-content/themes/masterstudy/page.php, 줄 241)

2023-03-23T07:16:14+00:00 CRITICAL #!trpst#trp-gettext data-trpgettextoriginal=645#!trpen#Uncaught Error: Call to undefined function table_list() in /Applications/MAMP/htdocs/wp-content/themes/masterstudy/page.php:241
Stack trace:
#0 /Applications/MAMP/htdocs/wp-includes/template-loader.php(106): include()
#1 /Applications/MAMP/htdocs/wp-blog-header.php(19): require_once('/Applications/M...')
#2 /Applications/MAMP/htdocs/index.php(17): require('/Applications/M...')
#3 {main}
  thrown in /Applications/MAMP/htdocs/wp-content/themes/masterstudy/page.php on line 241#!trpst#/trp-gettext#!trpen#

2023-03-23T07:16:28+00:00 CRITICAL #!trpst#trp-gettext data-trpgettextoriginal=645#!trpen#Uncaught Error: Call to undefined function table_list() in /Applications/MAMP/htdocs/wp-content/themes/masterstudy/page.php:241
Stack trace:
#0 /Applications/MAMP/htdocs/wp-includes/template-loader.php(106): include()
#1 /Applications/MAMP/htdocs/wp-blog-header.php(19): require_once('/Applications/M...')
#2 /Applications/MAMP/htdocs/index.php(17): require('/Applications/M...')
#3 {main}
  thrown in /Applications/MAMP/htdocs/wp-content/themes/masterstudy/page.php on line 241#!trpst#/trp-gettext#!trpen#

2023-03-23T07:20:41+00:00 CRITICAL #!trpst#trp-gettext data-trpgettextoriginal=645#!trpen#Uncaught Error: Call to undefined function table_list() in /Applications/MAMP/htdocs/wp-content/themes/masterstudy/page.php:241
Stack trace:
#0 /Applications/MAMP/htdocs/wp-includes/template-loader.php(106): include()
#1 /Applications/MAMP/htdocs/wp-blog-header.php(19): require_once('/Applications/M...')
#2 /Applications/MAMP/htdocs/index.php(17): require('/Applications/M...')
#3 {main}
  thrown in /Applications/MAMP/htdocs/wp-content/themes/masterstudy/page.php on line 241#!trpst#/trp-gettext#!trpen#

2023-03-23T07:22:22+00:00 CRITICAL Uncaught Error: Call to undefined function table_list() in /Applications/MAMP/htdocs/wp-content/themes/masterstudy/page.php:241
Stack trace:
#0 /Applications/MAMP/htdocs/wp-includes/template-loader.php(106): include()
#1 /Applications/MAMP/htdocs/wp-blog-header.php(19): require_once('/Applications/M...')
#2 /Applications/MAMP/htdocs/index.php(17): require('/Applications/M...')
#3 {main}
  thrown(/Applications/MAMP/htdocs/wp-content/themes/masterstudy/page.php, 줄 241)

2023-03-23T07:25:34+00:00 CRITICAL #!trpst#trp-gettext data-trpgettextoriginal=645#!trpen#Uncaught Error: Call to undefined function table_list() in /Applications/MAMP/htdocs/wp-content/themes/masterstudy/page.php:241
Stack trace:
#0 /Applications/MAMP/htdocs/wp-includes/template-loader.php(106): include()
#1 /Applications/MAMP/htdocs/wp-blog-header.php(19): require_once('/Applications/M...')
#2 /Applications/MAMP/htdocs/index.php(17): require('/Applications/M...')
#3 {main}
  thrown in /Applications/MAMP/htdocs/wp-content/themes/masterstudy/page.php on line 241#!trpst#/trp-gettext#!trpen#

2023-03-23T07:26:03+00:00 CRITICAL #!trpst#trp-gettext data-trpgettextoriginal=645#!trpen#Uncaught Error: Call to undefined function table_list() in /Applications/MAMP/htdocs/wp-content/themes/masterstudy/page.php:241
Stack trace:
#0 /Applications/MAMP/htdocs/wp-includes/template-loader.php(106): include()
#1 /Applications/MAMP/htdocs/wp-blog-header.php(19): require_once('/Applications/M...')
#2 /Applications/MAMP/htdocs/index.php(17): require('/Applications/M...')
#3 {main}
  thrown in /Applications/MAMP/htdocs/wp-content/themes/masterstudy/page.php on line 241#!trpst#/trp-gettext#!trpen#

2023-03-23T08:04:13+00:00 CRITICAL #!trpst#trp-gettext data-trpgettextoriginal=645#!trpen#Uncaught Error: Call to undefined function table_list() in /Applications/MAMP/htdocs/wp-content/themes/masterstudy/page.php:241
Stack trace:
#0 /Applications/MAMP/htdocs/wp-includes/template-loader.php(106): include()
#1 /Applications/MAMP/htdocs/wp-blog-header.php(19): require_once('/Applications/M...')
#2 /Applications/MAMP/htdocs/index.php(17): require('/Applications/M...')
#3 {main}
  thrown in /Applications/MAMP/htdocs/wp-content/themes/masterstudy/page.php on line 241#!trpst#/trp-gettext#!trpen#

2023-03-23T08:04:32+00:00 CRITICAL #!trpst#trp-gettext data-trpgettextoriginal=645#!trpen#Uncaught Error: Call to undefined function table_list() in /Applications/MAMP/htdocs/wp-content/themes/masterstudy/page.php:241
Stack trace:
#0 /Applications/MAMP/htdocs/wp-includes/template-loader.php(106): include()
#1 /Applications/MAMP/htdocs/wp-blog-header.php(19): require_once('/Applications/M...')
#2 /Applications/MAMP/htdocs/index.php(17): require('/Applications/M...')
#3 {main}
  thrown in /Applications/MAMP/htdocs/wp-content/themes/masterstudy/page.php on line 241#!trpst#/trp-gettext#!trpen#

2023-03-23T08:05:46+00:00 CRITICAL Uncaught Error: Call to undefined function table_list() in /Applications/MAMP/htdocs/wp-content/themes/masterstudy/page.php:241
Stack trace:
#0 /Applications/MAMP/htdocs/wp-includes/template-loader.php(106): include()
#1 /Applications/MAMP/htdocs/wp-blog-header.php(19): require_once('/Applications/M...')
#2 /Applications/MAMP/htdocs/index.php(17): require('/Applications/M...')
#3 {main}
  thrown(/Applications/MAMP/htdocs/wp-content/themes/masterstudy/page.php, 줄 241)

2023-03-23T08:05:52+00:00 CRITICAL Uncaught Error: Call to undefined function table_list() in /Applications/MAMP/htdocs/wp-content/themes/masterstudy/page.php:241
Stack trace:
#0 /Applications/MAMP/htdocs/wp-includes/template-loader.php(106): include()
#1 /Applications/MAMP/htdocs/wp-blog-header.php(19): require_once('/Applications/M...')
#2 /Applications/MAMP/htdocs/index.php(17): require('/Applications/M...')
#3 {main}
  thrown(/Applications/MAMP/htdocs/wp-content/themes/masterstudy/page.php, 줄 241)

2023-03-23T08:06:06+00:00 CRITICAL Uncaught Error: Call to undefined function table_list() in /Applications/MAMP/htdocs/wp-content/themes/masterstudy/page.php:241
Stack trace:
#0 /Applications/MAMP/htdocs/wp-includes/template-loader.php(106): include()
#1 /Applications/MAMP/htdocs/wp-blog-header.php(19): require_once('/Applications/M...')
#2 /Applications/MAMP/htdocs/index.php(17): require('/Applications/M...')
#3 {main}
  thrown(/Applications/MAMP/htdocs/wp-content/themes/masterstudy/page.php, 줄 241)

2023-03-23T08:07:13+00:00 CRITICAL Uncaught Error: Call to undefined function table_list() in /Applications/MAMP/htdocs/wp-content/themes/masterstudy/page.php:241
Stack trace:
#0 /Applications/MAMP/htdocs/wp-includes/template-loader.php(106): include()
#1 /Applications/MAMP/htdocs/wp-blog-header.php(19): require_once('/Applications/M...')
#2 /Applications/MAMP/htdocs/index.php(17): require('/Applications/M...')
#3 {main}
  thrown(/Applications/MAMP/htdocs/wp-content/themes/masterstudy/page.php, 줄 241)

2023-03-23T08:07:55+00:00 CRITICAL Uncaught Error: Call to undefined function table_list() in /Applications/MAMP/htdocs/wp-content/themes/masterstudy/page.php:241
Stack trace:
#0 /Applications/MAMP/htdocs/wp-includes/template-loader.php(106): include()
#1 /Applications/MAMP/htdocs/wp-blog-header.php(19): require_once('/Applications/M...')
#2 /Applications/MAMP/htdocs/index.php(17): require('/Applications/M...')
#3 {main}
  thrown(/Applications/MAMP/htdocs/wp-content/themes/masterstudy/page.php, 줄 241)

2023-03-23T08:12:35+00:00 CRITICAL Uncaught Error: Call to undefined function table_list() in /Applications/MAMP/htdocs/wp-content/themes/masterstudy/page.php:241
Stack trace:
#0 /Applications/MAMP/htdocs/wp-includes/template-loader.php(106): include()
#1 /Applications/MAMP/htdocs/wp-blog-header.php(19): require_once('/Applications/M...')
#2 /Applications/MAMP/htdocs/index.php(17): require('/Applications/M...')
#3 {main}
  thrown(/Applications/MAMP/htdocs/wp-content/themes/masterstudy/page.php, 줄 241)

2023-03-23T08:12:47+00:00 CRITICAL Uncaught Error: Call to undefined function table_list() in /Applications/MAMP/htdocs/wp-content/themes/masterstudy/page.php:241
Stack trace:
#0 /Applications/MAMP/htdocs/wp-includes/template-loader.php(106): include()
#1 /Applications/MAMP/htdocs/wp-blog-header.php(19): require_once('/Applications/M...')
#2 /Applications/MAMP/htdocs/index.php(17): require('/Applications/M...')
#3 {main}
  thrown(/Applications/MAMP/htdocs/wp-content/themes/masterstudy/page.php, 줄 241)

2023-03-23T08:13:32+00:00 CRITICAL Uncaught Error: Call to undefined function table_list() in /Applications/MAMP/htdocs/wp-content/themes/masterstudy/page.php:241
Stack trace:
#0 /Applications/MAMP/htdocs/wp-includes/template-loader.php(106): include()
#1 /Applications/MAMP/htdocs/wp-blog-header.php(19): require_once('/Applications/M...')
#2 /Applications/MAMP/htdocs/index.php(17): require('/Applications/M...')
#3 {main}
  thrown(/Applications/MAMP/htdocs/wp-content/themes/masterstudy/page.php, 줄 241)

2023-03-23T08:47:02+00:00 CRITICAL Uncaught Error: Call to undefined function table_list() in /Applications/MAMP/htdocs/wp-content/themes/masterstudy/page.php:241
Stack trace:
#0 /Applications/MAMP/htdocs/wp-includes/template-loader.php(106): include()
#1 /Applications/MAMP/htdocs/wp-blog-header.php(19): require_once('/Applications/M...')
#2 /Applications/MAMP/htdocs/index.php(17): require('/Applications/M...')
#3 {main}
  thrown(/Applications/MAMP/htdocs/wp-content/themes/masterstudy/page.php, 줄 241)

2023-03-23T08:47:11+00:00 CRITICAL Uncaught Error: Call to undefined function table_list() in /Applications/MAMP/htdocs/wp-content/themes/masterstudy/page.php:241
Stack trace:
#0 /Applications/MAMP/htdocs/wp-includes/template-loader.php(106): include()
#1 /Applications/MAMP/htdocs/wp-blog-header.php(19): require_once('/Applications/M...')
#2 /Applications/MAMP/htdocs/index.php(17): require('/Applications/M...')
#3 {main}
  thrown(/Applications/MAMP/htdocs/wp-content/themes/masterstudy/page.php, 줄 241)

2023-03-23T08:51:02+00:00 CRITICAL Uncaught Error: Call to undefined function table_list() in /Applications/MAMP/htdocs/wp-content/themes/masterstudy/page.php:241
Stack trace:
#0 /Applications/MAMP/htdocs/wp-includes/template-loader.php(106): include()
#1 /Applications/MAMP/htdocs/wp-blog-header.php(19): require_once('/Applications/M...')
#2 /Applications/MAMP/htdocs/index.php(17): require('/Applications/M...')
#3 {main}
  thrown(/Applications/MAMP/htdocs/wp-content/themes/masterstudy/page.php, 줄 241)

2023-03-23T08:55:48+00:00 CRITICAL Uncaught Error: Call to undefined function table_list() in /Applications/MAMP/htdocs/wp-content/themes/masterstudy/page.php:241
Stack trace:
#0 /Applications/MAMP/htdocs/wp-includes/template-loader.php(106): include()
#1 /Applications/MAMP/htdocs/wp-blog-header.php(19): require_once('/Applications/M...')
#2 /Applications/MAMP/htdocs/index.php(17): require('/Applications/M...')
#3 {main}
  thrown(/Applications/MAMP/htdocs/wp-content/themes/masterstudy/page.php, 줄 241)

2023-03-23T08:56:29+00:00 CRITICAL Uncaught Error: Call to undefined function table_list() in /Applications/MAMP/htdocs/wp-content/themes/masterstudy/page.php:241
Stack trace:
#0 /Applications/MAMP/htdocs/wp-includes/template-loader.php(106): include()
#1 /Applications/MAMP/htdocs/wp-blog-header.php(19): require_once('/Applications/M...')
#2 /Applications/MAMP/htdocs/index.php(17): require('/Applications/M...')
#3 {main}
  thrown(/Applications/MAMP/htdocs/wp-content/themes/masterstudy/page.php, 줄 241)

2023-03-23T08:58:45+00:00 CRITICAL Uncaught Error: Call to undefined function table_list() in /Applications/MAMP/htdocs/wp-content/themes/masterstudy/page.php:241
Stack trace:
#0 /Applications/MAMP/htdocs/wp-includes/template-loader.php(106): include()
#1 /Applications/MAMP/htdocs/wp-blog-header.php(19): require_once('/Applications/M...')
#2 /Applications/MAMP/htdocs/index.php(17): require('/Applications/M...')
#3 {main}
  thrown(/Applications/MAMP/htdocs/wp-content/themes/masterstudy/page.php, 줄 241)

2023-03-23T09:01:10+00:00 CRITICAL Uncaught Error: Call to undefined function table_list() in /Applications/MAMP/htdocs/wp-content/themes/masterstudy/page.php:241
Stack trace:
#0 /Applications/MAMP/htdocs/wp-includes/template-loader.php(106): include()
#1 /Applications/MAMP/htdocs/wp-blog-header.php(19): require_once('/Applications/M...')
#2 /Applications/MAMP/htdocs/index.php(17): require('/Applications/M...')
#3 {main}
  thrown(/Applications/MAMP/htdocs/wp-content/themes/masterstudy/page.php, 줄 241)

2023-03-23T09:03:58+00:00 CRITICAL Uncaught Error: Call to undefined function table_list() in /Applications/MAMP/htdocs/wp-content/themes/masterstudy/page.php:241
Stack trace:
#0 /Applications/MAMP/htdocs/wp-includes/template-loader.php(106): include()
#1 /Applications/MAMP/htdocs/wp-blog-header.php(19): require_once('/Applications/M...')
#2 /Applications/MAMP/htdocs/index.php(17): require('/Applications/M...')
#3 {main}
  thrown(/Applications/MAMP/htdocs/wp-content/themes/masterstudy/page.php, 줄 241)

2023-03-23T09:04:39+00:00 CRITICAL Uncaught Error: Call to undefined function table_list() in /Applications/MAMP/htdocs/wp-content/themes/masterstudy/page.php:241
Stack trace:
#0 /Applications/MAMP/htdocs/wp-includes/template-loader.php(106): include()
#1 /Applications/MAMP/htdocs/wp-blog-header.php(19): require_once('/Applications/M...')
#2 /Applications/MAMP/htdocs/index.php(17): require('/Applications/M...')
#3 {main}
  thrown(/Applications/MAMP/htdocs/wp-content/themes/masterstudy/page.php, 줄 241)

2023-03-23T09:06:23+00:00 CRITICAL Uncaught Error: Call to undefined function table_list() in /Applications/MAMP/htdocs/wp-content/themes/masterstudy/page.php:241
Stack trace:
#0 /Applications/MAMP/htdocs/wp-includes/template-loader.php(106): include()
#1 /Applications/MAMP/htdocs/wp-blog-header.php(19): require_once('/Applications/M...')
#2 /Applications/MAMP/htdocs/index.php(17): require('/Applications/M...')
#3 {main}
  thrown(/Applications/MAMP/htdocs/wp-content/themes/masterstudy/page.php, 줄 241)

2023-03-23T09:06:52+00:00 CRITICAL Uncaught Error: Call to undefined function table_list() in /Applications/MAMP/htdocs/wp-content/themes/masterstudy/page.php:241
Stack trace:
#0 /Applications/MAMP/htdocs/wp-includes/template-loader.php(106): include()
#1 /Applications/MAMP/htdocs/wp-blog-header.php(19): require_once('/Applications/M...')
#2 /Applications/MAMP/htdocs/index.php(17): require('/Applications/M...')
#3 {main}
  thrown(/Applications/MAMP/htdocs/wp-content/themes/masterstudy/page.php, 줄 241)

2023-03-23T09:16:54+00:00 CRITICAL Uncaught Error: Call to undefined function table_list() in /Applications/MAMP/htdocs/wp-content/themes/masterstudy/page.php:241
Stack trace:
#0 /Applications/MAMP/htdocs/wp-includes/template-loader.php(106): include()
#1 /Applications/MAMP/htdocs/wp-blog-header.php(19): require_once('/Applications/M...')
#2 /Applications/MAMP/htdocs/index.php(17): require('/Applications/M...')
#3 {main}
  thrown(/Applications/MAMP/htdocs/wp-content/themes/masterstudy/page.php, 줄 241)

2023-03-23T09:17:07+00:00 CRITICAL Uncaught Error: Call to undefined function table_list() in /Applications/MAMP/htdocs/wp-content/themes/masterstudy/page.php:241
Stack trace:
#0 /Applications/MAMP/htdocs/wp-includes/template-loader.php(106): include()
#1 /Applications/MAMP/htdocs/wp-blog-header.php(19): require_once('/Applications/M...')
#2 /Applications/MAMP/htdocs/index.php(17): require('/Applications/M...')
#3 {main}
  thrown(/Applications/MAMP/htdocs/wp-content/themes/masterstudy/page.php, 줄 241)

2023-03-23T09:17:13+00:00 CRITICAL Uncaught Error: Call to undefined function table_list() in /Applications/MAMP/htdocs/wp-content/themes/masterstudy/page.php:241
Stack trace:
#0 /Applications/MAMP/htdocs/wp-includes/template-loader.php(106): include()
#1 /Applications/MAMP/htdocs/wp-blog-header.php(19): require_once('/Applications/M...')
#2 /Applications/MAMP/htdocs/index.php(17): require('/Applications/M...')
#3 {main}
  thrown(/Applications/MAMP/htdocs/wp-content/themes/masterstudy/page.php, 줄 241)

2023-03-23T09:22:35+00:00 CRITICAL Uncaught Error: Call to undefined function table_list() in /Applications/MAMP/htdocs/wp-content/themes/masterstudy/page.php:241
Stack trace:
#0 /Applications/MAMP/htdocs/wp-includes/template-loader.php(106): include()
#1 /Applications/MAMP/htdocs/wp-blog-header.php(19): require_once('/Applications/M...')
#2 /Applications/MAMP/htdocs/index.php(17): require('/Applications/M...')
#3 {main}
  thrown(/Applications/MAMP/htdocs/wp-content/themes/masterstudy/page.php, 줄 241)

2023-03-23T10:00:28+00:00 CRITICAL Uncaught Error: Call to undefined function table_list() in /Applications/MAMP/htdocs/wp-content/themes/masterstudy/page.php:241
Stack trace:
#0 /Applications/MAMP/htdocs/wp-includes/template-loader.php(106): include()
#1 /Applications/MAMP/htdocs/wp-blog-header.php(19): require_once('/Applications/M...')
#2 /Applications/MAMP/htdocs/index.php(17): require('/Applications/M...')
#3 {main}
  thrown(/Applications/MAMP/htdocs/wp-content/themes/masterstudy/page.php, 줄 241)

2023-03-23T10:00:48+00:00 CRITICAL Uncaught Error: Call to undefined function table_list() in /Applications/MAMP/htdocs/wp-content/themes/masterstudy/page.php:241
Stack trace:
#0 /Applications/MAMP/htdocs/wp-includes/template-loader.php(106): include()
#1 /Applications/MAMP/htdocs/wp-blog-header.php(19): require_once('/Applications/M...')
#2 /Applications/MAMP/htdocs/index.php(17): require('/Applications/M...')
#3 {main}
  thrown(/Applications/MAMP/htdocs/wp-content/themes/masterstudy/page.php, 줄 241)

2023-03-23T10:01:06+00:00 CRITICAL #!trpst#trp-gettext data-trpgettextoriginal=645#!trpen#Uncaught Error: Call to undefined function table_list() in /Applications/MAMP/htdocs/wp-content/themes/masterstudy/page.php:241
Stack trace:
#0 /Applications/MAMP/htdocs/wp-includes/template-loader.php(106): include()
#1 /Applications/MAMP/htdocs/wp-blog-header.php(19): require_once('/Applications/M...')
#2 /Applications/MAMP/htdocs/index.php(17): require('/Applications/M...')
#3 {main}
  thrown in /Applications/MAMP/htdocs/wp-content/themes/masterstudy/page.php on line 241#!trpst#/trp-gettext#!trpen#

2023-03-23T10:19:59+00:00 CRITICAL #!trpst#trp-gettext data-trpgettextoriginal=645#!trpen#Uncaught Error: Call to undefined function table_list() in /Applications/MAMP/htdocs/wp-content/themes/masterstudy/page.php:241
Stack trace:
#0 /Applications/MAMP/htdocs/wp-includes/template-loader.php(106): include()
#1 /Applications/MAMP/htdocs/wp-blog-header.php(19): require_once('/Applications/M...')
#2 /Applications/MAMP/htdocs/index.php(17): require('/Applications/M...')
#3 {main}
  thrown in /Applications/MAMP/htdocs/wp-content/themes/masterstudy/page.php on line 241#!trpst#/trp-gettext#!trpen#

2023-03-23T10:20:03+00:00 CRITICAL #!trpst#trp-gettext data-trpgettextoriginal=645#!trpen#Uncaught Error: Call to undefined function table_list() in /Applications/MAMP/htdocs/wp-content/themes/masterstudy/page.php:241
Stack trace:
#0 /Applications/MAMP/htdocs/wp-includes/template-loader.php(106): include()
#1 /Applications/MAMP/htdocs/wp-blog-header.php(19): require_once('/Applications/M...')
#2 /Applications/MAMP/htdocs/index.php(17): require('/Applications/M...')
#3 {main}
  thrown in /Applications/MAMP/htdocs/wp-content/themes/masterstudy/page.php on line 241#!trpst#/trp-gettext#!trpen#

2023-03-23T10:20:20+00:00 CRITICAL #!trpst#trp-gettext data-trpgettextoriginal=645#!trpen#Uncaught Error: Call to undefined function table_list() in /Applications/MAMP/htdocs/wp-content/themes/masterstudy/page.php:241
Stack trace:
#0 /Applications/MAMP/htdocs/wp-includes/template-loader.php(106): include()
#1 /Applications/MAMP/htdocs/wp-blog-header.php(19): require_once('/Applications/M...')
#2 /Applications/MAMP/htdocs/index.php(17): require('/Applications/M...')
#3 {main}
  thrown in /Applications/MAMP/htdocs/wp-content/themes/masterstudy/page.php on line 241#!trpst#/trp-gettext#!trpen#

2023-03-23T10:21:18+00:00 CRITICAL #!trpst#trp-gettext data-trpgettextoriginal=645#!trpen#Uncaught Error: Call to undefined function table_list() in /Applications/MAMP/htdocs/wp-content/themes/masterstudy/page.php:241
Stack trace:
#0 /Applications/MAMP/htdocs/wp-includes/template-loader.php(106): include()
#1 /Applications/MAMP/htdocs/wp-blog-header.php(19): require_once('/Applications/M...')
#2 /Applications/MAMP/htdocs/index.php(17): require('/Applications/M...')
#3 {main}
  thrown in /Applications/MAMP/htdocs/wp-content/themes/masterstudy/page.php on line 241#!trpst#/trp-gettext#!trpen#

2023-03-23T10:28:27+00:00 CRITICAL #!trpst#trp-gettext data-trpgettextoriginal=645#!trpen#Uncaught Error: Call to undefined function table_list() in /Applications/MAMP/htdocs/wp-content/themes/masterstudy/page.php:241
Stack trace:
#0 /Applications/MAMP/htdocs/wp-includes/template-loader.php(106): include()
#1 /Applications/MAMP/htdocs/wp-blog-header.php(19): require_once('/Applications/M...')
#2 /Applications/MAMP/htdocs/index.php(17): require('/Applications/M...')
#3 {main}
  thrown in /Applications/MAMP/htdocs/wp-content/themes/masterstudy/page.php on line 241#!trpst#/trp-gettext#!trpen#

2023-03-23T10:29:51+00:00 CRITICAL #!trpst#trp-gettext data-trpgettextoriginal=645#!trpen#Uncaught Error: Call to undefined function table_list() in /Applications/MAMP/htdocs/wp-content/themes/masterstudy/page.php:241
Stack trace:
#0 /Applications/MAMP/htdocs/wp-includes/template-loader.php(106): include()
#1 /Applications/MAMP/htdocs/wp-blog-header.php(19): require_once('/Applications/M...')
#2 /Applications/MAMP/htdocs/index.php(17): require('/Applications/M...')
#3 {main}
  thrown in /Applications/MAMP/htdocs/wp-content/themes/masterstudy/page.php on line 241#!trpst#/trp-gettext#!trpen#

2023-03-23T10:30:18+00:00 CRITICAL #!trpst#trp-gettext data-trpgettextoriginal=645#!trpen#Uncaught Error: Call to undefined function table_list() in /Applications/MAMP/htdocs/wp-content/themes/masterstudy/page.php:241
Stack trace:
#0 /Applications/MAMP/htdocs/wp-includes/template-loader.php(106): include()
#1 /Applications/MAMP/htdocs/wp-blog-header.php(19): require_once('/Applications/M...')
#2 /Applications/MAMP/htdocs/index.php(17): require('/Applications/M...')
#3 {main}
  thrown in /Applications/MAMP/htdocs/wp-content/themes/masterstudy/page.php on line 241#!trpst#/trp-gettext#!trpen#

2023-03-23T10:30:37+00:00 CRITICAL #!trpst#trp-gettext data-trpgettextoriginal=645#!trpen#Uncaught Error: Call to undefined function table_list() in /Applications/MAMP/htdocs/wp-content/themes/masterstudy/page.php:241
Stack trace:
#0 /Applications/MAMP/htdocs/wp-includes/template-loader.php(106): include()
#1 /Applications/MAMP/htdocs/wp-blog-header.php(19): require_once('/Applications/M...')
#2 /Applications/MAMP/htdocs/index.php(17): require('/Applications/M...')
#3 {main}
  thrown in /Applications/MAMP/htdocs/wp-content/themes/masterstudy/page.php on line 241#!trpst#/trp-gettext#!trpen#

2023-03-23T10:30:57+00:00 CRITICAL #!trpst#trp-gettext data-trpgettextoriginal=645#!trpen#Uncaught Error: Call to undefined function table_list() in /Applications/MAMP/htdocs/wp-content/themes/masterstudy/page.php:241
Stack trace:
#0 /Applications/MAMP/htdocs/wp-includes/template-loader.php(106): include()
#1 /Applications/MAMP/htdocs/wp-blog-header.php(19): require_once('/Applications/M...')
#2 /Applications/MAMP/htdocs/index.php(17): require('/Applications/M...')
#3 {main}
  thrown in /Applications/MAMP/htdocs/wp-content/themes/masterstudy/page.php on line 241#!trpst#/trp-gettext#!trpen#

2023-03-23T10:31:20+00:00 CRITICAL #!trpst#trp-gettext data-trpgettextoriginal=645#!trpen#Uncaught Error: Call to a member function set_currency() on null in /Applications/MAMP/htdocs/wp-content/themes/masterstudy/functions.php:101
Stack trace:
#0 /Applications/MAMP/htdocs/wp-includes/class-wp-hook.php(307): {closure}('')
#1 /Applications/MAMP/htdocs/wp-includes/class-wp-hook.php(331): WP_Hook->apply_filters(NULL, Array)
#2 /Applications/MAMP/htdocs/wp-includes/plugin.php(476): WP_Hook->do_action(Array)
#3 /Applications/MAMP/htdocs/wp-includes/general-template.php(3042): do_action('wp_head')
#4 /Applications/MAMP/htdocs/wp-content/themes/masterstudy/header.php(10): wp_head()
#5 /Applications/MAMP/htdocs/wp-includes/template.php(770): require_once('/Applications/M...')
#6 /Applications/MAMP/htdocs/wp-includes/template.php(716): load_template('/Applications/M...', true, Array)
#7 /Applications/MAMP/htdocs/wp-includes/general-template.php(48): locate_template(Array, true, true, Array)
#8 /Applications/MAMP/htdocs/wp-content/themes/masterstudy/page.php(64): get_header()
#9 /Applications/MAMP/htdocs/wp in /Applications/MAMP/htdocs/wp-content/themes/masterstudy/functions.php on line 101#!trpst#/trp-gettext#!trpen#

2023-03-23T10:31:52+00:00 CRITICAL #!trpst#trp-gettext data-trpgettextoriginal=645#!trpen#Uncaught Error: Call to undefined function table_list() in /Applications/MAMP/htdocs/wp-content/themes/masterstudy/page.php:241
Stack trace:
#0 /Applications/MAMP/htdocs/wp-includes/template-loader.php(106): include()
#1 /Applications/MAMP/htdocs/wp-blog-header.php(19): require_once('/Applications/M...')
#2 /Applications/MAMP/htdocs/index.php(17): require('/Applications/M...')
#3 {main}
  thrown in /Applications/MAMP/htdocs/wp-content/themes/masterstudy/page.php on line 241#!trpst#/trp-gettext#!trpen#

2023-03-23T10:32:37+00:00 CRITICAL #!trpst#trp-gettext data-trpgettextoriginal=645#!trpen#Uncaught Error: Call to undefined function table_list() in /Applications/MAMP/htdocs/wp-content/themes/masterstudy/page.php:241
Stack trace:
#0 /Applications/MAMP/htdocs/wp-includes/template-loader.php(106): include()
#1 /Applications/MAMP/htdocs/wp-blog-header.php(19): require_once('/Applications/M...')
#2 /Applications/MAMP/htdocs/index.php(17): require('/Applications/M...')
#3 {main}
  thrown in /Applications/MAMP/htdocs/wp-content/themes/masterstudy/page.php on line 241#!trpst#/trp-gettext#!trpen#

2023-03-23T10:32:59+00:00 CRITICAL #!trpst#trp-gettext data-trpgettextoriginal=645#!trpen#Uncaught Error: Call to undefined function table_list() in /Applications/MAMP/htdocs/wp-content/themes/masterstudy/page.php:241
Stack trace:
#0 /Applications/MAMP/htdocs/wp-includes/template-loader.php(106): include()
#1 /Applications/MAMP/htdocs/wp-blog-header.php(19): require_once('/Applications/M...')
#2 /Applications/MAMP/htdocs/index.php(17): require('/Applications/M...')
#3 {main}
  thrown in /Applications/MAMP/htdocs/wp-content/themes/masterstudy/page.php on line 241#!trpst#/trp-gettext#!trpen#

2023-03-23T10:33:37+00:00 CRITICAL #!trpst#trp-gettext data-trpgettextoriginal=645#!trpen#Uncaught Error: Call to undefined function table_list() in /Applications/MAMP/htdocs/wp-content/themes/masterstudy/page.php:241
Stack trace:
#0 /Applications/MAMP/htdocs/wp-includes/template-loader.php(106): include()
#1 /Applications/MAMP/htdocs/wp-blog-header.php(19): require_once('/Applications/M...')
#2 /Applications/MAMP/htdocs/index.php(17): require('/Applications/M...')
#3 {main}
  thrown in /Applications/MAMP/htdocs/wp-content/themes/masterstudy/page.php on line 241#!trpst#/trp-gettext#!trpen#

2023-03-23T10:34:34+00:00 CRITICAL #!trpst#trp-gettext data-trpgettextoriginal=645#!trpen#Uncaught Error: Call to undefined function table_list() in /Applications/MAMP/htdocs/wp-content/themes/masterstudy/page.php:241
Stack trace:
#0 /Applications/MAMP/htdocs/wp-includes/template-loader.php(106): include()
#1 /Applications/MAMP/htdocs/wp-blog-header.php(19): require_once('/Applications/M...')
#2 /Applications/MAMP/htdocs/index.php(17): require('/Applications/M...')
#3 {main}
  thrown in /Applications/MAMP/htdocs/wp-content/themes/masterstudy/page.php on line 241#!trpst#/trp-gettext#!trpen#

2023-03-23T10:35:12+00:00 CRITICAL #!trpst#trp-gettext data-trpgettextoriginal=645#!trpen#Uncaught Error: Call to undefined function table_list() in /Applications/MAMP/htdocs/wp-content/themes/masterstudy/page.php:241
Stack trace:
#0 /Applications/MAMP/htdocs/wp-includes/template-loader.php(106): include()
#1 /Applications/MAMP/htdocs/wp-blog-header.php(19): require_once('/Applications/M...')
#2 /Applications/MAMP/htdocs/index.php(17): require('/Applications/M...')
#3 {main}
  thrown in /Applications/MAMP/htdocs/wp-content/themes/masterstudy/page.php on line 241#!trpst#/trp-gettext#!trpen#

2023-03-23T10:36:31+00:00 CRITICAL #!trpst#trp-gettext data-trpgettextoriginal=645#!trpen#Uncaught Error: Call to undefined function table_list() in /Applications/MAMP/htdocs/wp-content/themes/masterstudy/page.php:241
Stack trace:
#0 /Applications/MAMP/htdocs/wp-includes/template-loader.php(106): include()
#1 /Applications/MAMP/htdocs/wp-blog-header.php(19): require_once('/Applications/M...')
#2 /Applications/MAMP/htdocs/index.php(17): require('/Applications/M...')
#3 {main}
  thrown in /Applications/MAMP/htdocs/wp-content/themes/masterstudy/page.php on line 241#!trpst#/trp-gettext#!trpen#

