2022-07-04T05:26:17+00:00 CRITICAL Uncaught Error: Object of class WP_Post could not be converted to string in /Applications/MAMP/htdocs/wp-content/plugins/masterstudy-lms-learning-management-system/stm-lms-templates/course/parts/lesson.php:27
Stack trace:
#0 /Applications/MAMP/htdocs/wp-content/plugins/masterstudy-lms-learning-management-system/lms/classes/templates.php(141): include()
#1 /Applications/MAMP/htdocs/wp-content/plugins/masterstudy-lms-learning-management-system/stm-lms-templates/stm-lms-lesson.php(98): STM_LMS_Templates::load_lms_template('course/parts/le...', Array)
#2 /Applications/MAMP/htdocs/wp-includes/template-loader.php(106): include('/Applications/M...')
#3 /Applications/MAMP/htdocs/wp-blog-header.php(19): require_once('/Applications/M...')
#4 /Applications/MAMP/htdocs/index.php(17): require('/Applications/M...')
#5 {main}
  thrown(/Applications/MAMP/htdocs/wp-content/plugins/masterstudy-lms-learning-management-system/stm-lms-templates/course/parts/lesson.php, 줄 27)

2022-07-04T05:55:57+00:00 CRITICAL Maximum execution time of 30 seconds exceeded(/Applications/MAMP/htdocs/wp-content/plugins/wp-vimeo-videos/includes/helpers.php, 줄 33)

2022-07-04T07:23:15+00:00 CRITICAL Uncaught Error: Call to a member function get_var() on null in /Applications/MAMP/htdocs/wp-content/plugins/masterstudy-lms-learning-management-system/stm-lms-templates/course/parts/lesson.php:26
Stack trace:
#0 /Applications/MAMP/htdocs/wp-content/plugins/masterstudy-lms-learning-management-system/lms/classes/templates.php(141): include()
#1 /Applications/MAMP/htdocs/wp-content/plugins/masterstudy-lms-learning-management-system/stm-lms-templates/stm-lms-lesson.php(98): STM_LMS_Templates::load_lms_template('course/parts/le...', Array)
#2 /Applications/MAMP/htdocs/wp-includes/template-loader.php(106): include('/Applications/M...')
#3 /Applications/MAMP/htdocs/wp-blog-header.php(19): require_once('/Applications/M...')
#4 /Applications/MAMP/htdocs/index.php(17): require('/Applications/M...')
#5 {main}
  thrown(/Applications/MAMP/htdocs/wp-content/plugins/masterstudy-lms-learning-management-system/stm-lms-templates/course/parts/lesson.php, 줄 26)

2022-07-04T07:24:01+00:00 CRITICAL Uncaught Error: Call to a member function get_var() on null in /Applications/MAMP/htdocs/wp-content/plugins/masterstudy-lms-learning-management-system/stm-lms-templates/course/parts/lesson.php:26
Stack trace:
#0 /Applications/MAMP/htdocs/wp-content/plugins/masterstudy-lms-learning-management-system/lms/classes/templates.php(141): include()
#1 /Applications/MAMP/htdocs/wp-content/plugins/masterstudy-lms-learning-management-system/stm-lms-templates/stm-lms-lesson.php(98): STM_LMS_Templates::load_lms_template('course/parts/le...', Array)
#2 /Applications/MAMP/htdocs/wp-includes/template-loader.php(106): include('/Applications/M...')
#3 /Applications/MAMP/htdocs/wp-blog-header.php(19): require_once('/Applications/M...')
#4 /Applications/MAMP/htdocs/index.php(17): require('/Applications/M...')
#5 {main}
  thrown(/Applications/MAMP/htdocs/wp-content/plugins/masterstudy-lms-learning-management-system/stm-lms-templates/course/parts/lesson.php, 줄 26)

2022-07-04T07:24:30+00:00 CRITICAL Uncaught Error: Call to a member function get_var() on null in /Applications/MAMP/htdocs/wp-content/plugins/masterstudy-lms-learning-management-system/stm-lms-templates/course/parts/lesson.php:26
Stack trace:
#0 /Applications/MAMP/htdocs/wp-content/plugins/masterstudy-lms-learning-management-system/lms/classes/templates.php(141): include()
#1 /Applications/MAMP/htdocs/wp-content/plugins/masterstudy-lms-learning-management-system/stm-lms-templates/stm-lms-lesson.php(98): STM_LMS_Templates::load_lms_template('course/parts/le...', Array)
#2 /Applications/MAMP/htdocs/wp-includes/template-loader.php(106): include('/Applications/M...')
#3 /Applications/MAMP/htdocs/wp-blog-header.php(19): require_once('/Applications/M...')
#4 /Applications/MAMP/htdocs/index.php(17): require('/Applications/M...')
#5 {main}
  thrown(/Applications/MAMP/htdocs/wp-content/plugins/masterstudy-lms-learning-management-system/stm-lms-templates/course/parts/lesson.php, 줄 26)

2022-07-04T07:25:12+00:00 CRITICAL Uncaught Error: Call to a member function get_var() on null in /Applications/MAMP/htdocs/wp-content/plugins/masterstudy-lms-learning-management-system/stm-lms-templates/course/parts/lesson.php:26
Stack trace:
#0 /Applications/MAMP/htdocs/wp-content/plugins/masterstudy-lms-learning-management-system/lms/classes/templates.php(141): include()
#1 /Applications/MAMP/htdocs/wp-content/plugins/masterstudy-lms-learning-management-system/stm-lms-templates/stm-lms-lesson.php(98): STM_LMS_Templates::load_lms_template('course/parts/le...', Array)
#2 /Applications/MAMP/htdocs/wp-includes/template-loader.php(106): include('/Applications/M...')
#3 /Applications/MAMP/htdocs/wp-blog-header.php(19): require_once('/Applications/M...')
#4 /Applications/MAMP/htdocs/index.php(17): require('/Applications/M...')
#5 {main}
  thrown(/Applications/MAMP/htdocs/wp-content/plugins/masterstudy-lms-learning-management-system/stm-lms-templates/course/parts/lesson.php, 줄 26)

2022-07-04T07:27:51+00:00 CRITICAL Uncaught Error: Call to a member function query() on null in /Applications/MAMP/htdocs/wp-content/plugins/masterstudy-lms-learning-management-system/stm-lms-templates/course/parts/lesson.php:26
Stack trace:
#0 /Applications/MAMP/htdocs/wp-content/plugins/masterstudy-lms-learning-management-system/lms/classes/templates.php(141): include()
#1 /Applications/MAMP/htdocs/wp-content/plugins/masterstudy-lms-learning-management-system/stm-lms-templates/stm-lms-lesson.php(98): STM_LMS_Templates::load_lms_template('course/parts/le...', Array)
#2 /Applications/MAMP/htdocs/wp-includes/template-loader.php(106): include('/Applications/M...')
#3 /Applications/MAMP/htdocs/wp-blog-header.php(19): require_once('/Applications/M...')
#4 /Applications/MAMP/htdocs/index.php(17): require('/Applications/M...')
#5 {main}
  thrown(/Applications/MAMP/htdocs/wp-content/plugins/masterstudy-lms-learning-management-system/stm-lms-templates/course/parts/lesson.php, 줄 26)

2022-07-04T07:28:52+00:00 CRITICAL Uncaught Error: Call to a member function query() on null in /Applications/MAMP/htdocs/wp-content/plugins/masterstudy-lms-learning-management-system/stm-lms-templates/course/parts/lesson.php:26
Stack trace:
#0 /Applications/MAMP/htdocs/wp-content/plugins/masterstudy-lms-learning-management-system/lms/classes/templates.php(141): include()
#1 /Applications/MAMP/htdocs/wp-content/plugins/masterstudy-lms-learning-management-system/stm-lms-templates/stm-lms-lesson.php(98): STM_LMS_Templates::load_lms_template('course/parts/le...', Array)
#2 /Applications/MAMP/htdocs/wp-includes/template-loader.php(106): include('/Applications/M...')
#3 /Applications/MAMP/htdocs/wp-blog-header.php(19): require_once('/Applications/M...')
#4 /Applications/MAMP/htdocs/index.php(17): require('/Applications/M...')
#5 {main}
  thrown(/Applications/MAMP/htdocs/wp-content/plugins/masterstudy-lms-learning-management-system/stm-lms-templates/course/parts/lesson.php, 줄 26)

2022-07-04T08:11:32+00:00 CRITICAL Uncaught Error: Call to a member function prepare() on null in /Applications/MAMP/htdocs/wp-content/plugins/masterstudy-lms-learning-management-system/stm-lms-templates/course/parts/lesson.php:28
Stack trace:
#0 /Applications/MAMP/htdocs/wp-content/plugins/masterstudy-lms-learning-management-system/lms/classes/templates.php(141): include()
#1 /Applications/MAMP/htdocs/wp-content/plugins/masterstudy-lms-learning-management-system/stm-lms-templates/stm-lms-lesson.php(98): STM_LMS_Templates::load_lms_template('course/parts/le...', Array)
#2 /Applications/MAMP/htdocs/wp-includes/template-loader.php(106): include('/Applications/M...')
#3 /Applications/MAMP/htdocs/wp-blog-header.php(19): require_once('/Applications/M...')
#4 /Applications/MAMP/htdocs/index.php(17): require('/Applications/M...')
#5 {main}
  thrown(/Applications/MAMP/htdocs/wp-content/plugins/masterstudy-lms-learning-management-system/stm-lms-templates/course/parts/lesson.php, 줄 28)

2022-07-04T08:13:25+00:00 CRITICAL Uncaught Error: Call to a member function prepare() on null in /Applications/MAMP/htdocs/wp-content/plugins/masterstudy-lms-learning-management-system/stm-lms-templates/course/parts/lesson.php:28
Stack trace:
#0 /Applications/MAMP/htdocs/wp-content/plugins/masterstudy-lms-learning-management-system/lms/classes/templates.php(141): include()
#1 /Applications/MAMP/htdocs/wp-content/plugins/masterstudy-lms-learning-management-system/stm-lms-templates/stm-lms-lesson.php(98): STM_LMS_Templates::load_lms_template('course/parts/le...', Array)
#2 /Applications/MAMP/htdocs/wp-includes/template-loader.php(106): include('/Applications/M...')
#3 /Applications/MAMP/htdocs/wp-blog-header.php(19): require_once('/Applications/M...')
#4 /Applications/MAMP/htdocs/index.php(17): require('/Applications/M...')
#5 {main}
  thrown(/Applications/MAMP/htdocs/wp-content/plugins/masterstudy-lms-learning-management-system/stm-lms-templates/course/parts/lesson.php, 줄 28)

2022-07-04T08:13:39+00:00 CRITICAL Uncaught Error: Call to a member function prepare() on null in /Applications/MAMP/htdocs/wp-content/plugins/masterstudy-lms-learning-management-system/stm-lms-templates/course/parts/lesson.php:28
Stack trace:
#0 /Applications/MAMP/htdocs/wp-content/plugins/masterstudy-lms-learning-management-system/lms/classes/templates.php(141): include()
#1 /Applications/MAMP/htdocs/wp-content/plugins/masterstudy-lms-learning-management-system/stm-lms-templates/stm-lms-lesson.php(98): STM_LMS_Templates::load_lms_template('course/parts/le...', Array)
#2 /Applications/MAMP/htdocs/wp-includes/template-loader.php(106): include('/Applications/M...')
#3 /Applications/MAMP/htdocs/wp-blog-header.php(19): require_once('/Applications/M...')
#4 /Applications/MAMP/htdocs/index.php(17): require('/Applications/M...')
#5 {main}
  thrown(/Applications/MAMP/htdocs/wp-content/plugins/masterstudy-lms-learning-management-system/stm-lms-templates/course/parts/lesson.php, 줄 28)

