2022-07-20T05:31:22+00:00 CRITICAL Uncaught Error: Call to undefined function stm_lms_registration() in /Applications/MAMP/htdocs/wp-content/plugins/masterstudy-lms-learning-management-system/settings/main_settings.php:33
Stack trace:
#0 /Applications/MAMP/htdocs/wp-includes/class-wp-hook.php(307): {closure}(Array)
#1 /Applications/MAMP/htdocs/wp-includes/plugin.php(191): WP_Hook->apply_filters(Array, Array)
#2 /Applications/MAMP/htdocs/wp-content/plugins/masterstudy-lms-learning-management-system/nuxy/settings/settings.php(194): apply_filters('wpcfto_options_...', Array)
#3 /Applications/MAMP/htdocs/wp-includes/class-wp-hook.php(307): Stylemix_NUXY->{closure}('')
#4 /Applications/MAMP/htdocs/wp-includes/class-wp-hook.php(331): WP_Hook->apply_filters(NULL, Array)
#5 /Applications/MAMP/htdocs/wp-includes/plugin.php(476): WP_Hook->do_action(Array)
#6 /Applications/MAMP/htdocs/wp-settings.php(598): do_action('init')
#7 /Applications/MAMP/htdocs/wp-config.php(177): require_once('/Applications/M...')
#8 /Applications/MAMP/htdocs/wp-load.php(50): re(/Applications/MAMP/htdocs/wp-content/plugins/masterstudy-lms-learning-management-system/settings/main_settings.php, 줄 33)

2022-07-20T05:31:45+00:00 CRITICAL Uncaught Error: Call to undefined function stm_lms_registration() in /Applications/MAMP/htdocs/wp-content/plugins/masterstudy-lms-learning-management-system/settings/main_settings.php:33
Stack trace:
#0 /Applications/MAMP/htdocs/wp-includes/class-wp-hook.php(307): {closure}(Array)
#1 /Applications/MAMP/htdocs/wp-includes/plugin.php(191): WP_Hook->apply_filters(Array, Array)
#2 /Applications/MAMP/htdocs/wp-content/plugins/masterstudy-lms-learning-management-system/nuxy/settings/settings.php(194): apply_filters('wpcfto_options_...', Array)
#3 /Applications/MAMP/htdocs/wp-includes/class-wp-hook.php(307): Stylemix_NUXY->{closure}('')
#4 /Applications/MAMP/htdocs/wp-includes/class-wp-hook.php(331): WP_Hook->apply_filters(NULL, Array)
#5 /Applications/MAMP/htdocs/wp-includes/plugin.php(476): WP_Hook->do_action(Array)
#6 /Applications/MAMP/htdocs/wp-settings.php(598): do_action('init')
#7 /Applications/MAMP/htdocs/wp-config.php(177): require_once('/Applications/M...')
#8 /Applications/MAMP/htdocs/wp-load.php(50): re(/Applications/MAMP/htdocs/wp-content/plugins/masterstudy-lms-learning-management-system/settings/main_settings.php, 줄 33)

2022-07-20T05:31:56+00:00 CRITICAL Uncaught Error: Call to undefined function stm_lms_registration() in /Applications/MAMP/htdocs/wp-content/plugins/masterstudy-lms-learning-management-system/settings/main_settings.php:33
Stack trace:
#0 /Applications/MAMP/htdocs/wp-includes/class-wp-hook.php(307): {closure}(Array)
#1 /Applications/MAMP/htdocs/wp-includes/plugin.php(191): WP_Hook->apply_filters(Array, Array)
#2 /Applications/MAMP/htdocs/wp-content/plugins/masterstudy-lms-learning-management-system/nuxy/settings/settings.php(194): apply_filters('wpcfto_options_...', Array)
#3 /Applications/MAMP/htdocs/wp-includes/class-wp-hook.php(307): Stylemix_NUXY->{closure}('')
#4 /Applications/MAMP/htdocs/wp-includes/class-wp-hook.php(331): WP_Hook->apply_filters(NULL, Array)
#5 /Applications/MAMP/htdocs/wp-includes/plugin.php(476): WP_Hook->do_action(Array)
#6 /Applications/MAMP/htdocs/wp-settings.php(598): do_action('init')
#7 /Applications/MAMP/htdocs/wp-config.php(177): require_once('/Applications/M...')
#8 /Applications/MAMP/htdocs/wp-load.php(50): re(/Applications/MAMP/htdocs/wp-content/plugins/masterstudy-lms-learning-management-system/settings/main_settings.php, 줄 33)

2022-07-20T05:32:09+00:00 CRITICAL Uncaught Error: Call to undefined function stm_lms_registration() in /Applications/MAMP/htdocs/wp-content/plugins/masterstudy-lms-learning-management-system/settings/main_settings.php:33
Stack trace:
#0 /Applications/MAMP/htdocs/wp-includes/class-wp-hook.php(307): {closure}(Array)
#1 /Applications/MAMP/htdocs/wp-includes/plugin.php(191): WP_Hook->apply_filters(Array, Array)
#2 /Applications/MAMP/htdocs/wp-content/plugins/masterstudy-lms-learning-management-system/nuxy/settings/settings.php(194): apply_filters('wpcfto_options_...', Array)
#3 /Applications/MAMP/htdocs/wp-includes/class-wp-hook.php(307): Stylemix_NUXY->{closure}('')
#4 /Applications/MAMP/htdocs/wp-includes/class-wp-hook.php(331): WP_Hook->apply_filters(NULL, Array)
#5 /Applications/MAMP/htdocs/wp-includes/plugin.php(476): WP_Hook->do_action(Array)
#6 /Applications/MAMP/htdocs/wp-settings.php(598): do_action('init')
#7 /Applications/MAMP/htdocs/wp-config.php(177): require_once('/Applications/M...')
#8 /Applications/MAMP/htdocs/wp-load.php(50): re(/Applications/MAMP/htdocs/wp-content/plugins/masterstudy-lms-learning-management-system/settings/main_settings.php, 줄 33)

2022-07-20T06:12:18+00:00 CRITICAL Uncaught Error: Call to undefined function stm_lms_registration() in /Applications/MAMP/htdocs/wp-content/plugins/masterstudy-lms-learning-management-system/settings/main_settings.php:33
Stack trace:
#0 /Applications/MAMP/htdocs/wp-includes/class-wp-hook.php(307): {closure}(Array)
#1 /Applications/MAMP/htdocs/wp-includes/plugin.php(191): WP_Hook->apply_filters(Array, Array)
#2 /Applications/MAMP/htdocs/wp-content/plugins/masterstudy-lms-learning-management-system/nuxy/settings/settings.php(194): apply_filters('wpcfto_options_...', Array)
#3 /Applications/MAMP/htdocs/wp-includes/class-wp-hook.php(307): Stylemix_NUXY->{closure}('')
#4 /Applications/MAMP/htdocs/wp-includes/class-wp-hook.php(331): WP_Hook->apply_filters(NULL, Array)
#5 /Applications/MAMP/htdocs/wp-includes/plugin.php(476): WP_Hook->do_action(Array)
#6 /Applications/MAMP/htdocs/wp-settings.php(598): do_action('init')
#7 /Applications/MAMP/htdocs/wp-config.php(177): require_once('/Applications/M...')
#8 /Applications/MAMP/htdocs/wp-load.php(50): re(/Applications/MAMP/htdocs/wp-content/plugins/masterstudy-lms-learning-management-system/settings/main_settings.php, 줄 33)

