07-25-2022 @ 15:47:15 - Process Payment Response : fail
07-25-2022 @ 15:47:15 - [오류] [PAFW-ERR-S053] 사용자가 결제를 취소하였습니다
Array
(
    [type] => fail
    [res_cd] => S053
    [res_msg] => 사용자가 결제를 취소하였습니다
    [transaction_id] => TLGUPLUS202207250646504cd9c5bc70418e488fd4
    [order_id] => 10703
    [woocommerce-login-nonce] => 
    [_wpnonce] => 
    [woocommerce-reset-password-nonce] => 
)

07-25-2022 @ 15:47:15 - Redirect : Checkout
07-25-2022 @ 16:03:46 - Process Payment Response : fail
07-25-2022 @ 16:03:46 - [오류] [PAFW-ERR-S053] 사용자가 결제를 취소하였습니다
Array
(
    [type] => fail
    [res_cd] => S053
    [res_msg] => 사용자가 결제를 취소하였습니다
    [transaction_id] => TLGUPLUS202207250703282e433d529d20425a7e7e
    [order_id] => 10703
    [woocommerce-login-nonce] => 
    [_wpnonce] => 
    [woocommerce-reset-password-nonce] => 
)

07-25-2022 @ 16:03:46 - Redirect : Checkout
