[2022-07-05T03:12:16.817397+00:00] name.INFO: Info log [] []
[2022-07-05T03:12:16.818546+00:00] name.ERROR: Error log [] []
[2022-07-05T03:12:16.818611+00:00] name.WARNING: Warning log [] []
[2022-07-05T03:18:13.980024+00:00] name.INFO: Info log [] []
[2022-07-05T03:18:13.980832+00:00] name.ERROR: Error log [] []
[2022-07-05T03:18:13.980888+00:00] name.WARNING: Warning log [] []
[2022-07-05T03:18:41.427379+00:00] name.INFO: Info log [] []
[2022-07-05T03:18:41.428374+00:00] name.ERROR: Error log [] []
[2022-07-05T03:18:41.428452+00:00] name.WARNING: Warning log [] []
[2022-07-05T03:22:23.051144+00:00] name.INFO: Info log [] []
[2022-07-05T03:22:23.052961+00:00] name.ERROR: Error log [] []
[2022-07-05T03:22:23.053014+00:00] name.WARNING: Warning log [] []

[2022-07-05T03:22:29.591168+00:00] name.INFO: Info log [] []
[2022-07-05T03:22:29.592020+00:00] name.ERROR: Error log [] []
[2022-07-05T03:22:29.592072+00:00] name.WARNING: Warning log [] []
[2022-07-05T03:32:02.085186+00:00] name.INFO: Info log [] []
[2022-07-05T03:32:02.086075+00:00] name.DEBUG: Debug log [] []
[2022-07-05T03:32:02.086130+00:00] name.ERROR: Error log [] []
[2022-07-05T03:32:02.086177+00:00] name.WARNING: Warning log [] []
[2022-07-05T04:52:17.844711+00:00] name.INFO: Info log [] []
[2022-07-05T04:52:17.846488+00:00] name.DEBUG: Debug log [] []
[2022-07-05T04:52:17.846540+00:00] name.ERROR: Error log [] []
[2022-07-05T04:52:17.846587+00:00] name.WARNING: Warning log [] []
[2022-07-05T05:18:13.759677+00:00] name.INFO: Info log [] []
[2022-07-05T05:18:13.762280+00:00] name.DEBUG: Debug log [] []
[2022-07-05T05:18:13.762368+00:00] name.ERROR: Error log [] []
[2022-07-05T05:18:13.762454+00:00] name.WARNING: Warning log [] []

[2022-07-05T05:19:54.401260+00:00] name.DEBUG: Debug log [] []
[2022-07-05T05:19:54.403013+00:00] name.ERROR: Error log [] []
[2022-07-05T05:19:54.403066+00:00] name.WARNING: Warning log [] []
[2022-07-05T05:22:23.117002+00:00] name.INFO: API Request Started. {"path":null} []
[2022-07-05T05:22:23.127279+00:00] name.DEBUG: Debug log [] []
[2022-07-05T05:22:23.127411+00:00] name.ERROR: Error log [] []
[2022-07-05T05:22:23.127479+00:00] name.WARNING: Warning log [] []
[2022-07-05T05:22:36.185883+00:00] name.INFO: API Request Started. {"path":null} []
[2022-07-05T05:22:36.186761+00:00] name.DEBUG: Debug log [] []
[2022-07-05T05:22:36.186815+00:00] name.ERROR: Error log [] []
[2022-07-05T05:22:36.186863+00:00] name.WARNING: Warning log [] []
[2022-07-05T05:22:45.702296+00:00] name.INFO: API Request Started. {"path":null} []
[2022-07-05T05:22:45.703202+00:00] name.DEBUG: Debug log [] []
[2022-07-05T05:22:45.703259+00:00] name.ERROR: Error log [] []
[2022-07-05T05:22:45.703307+00:00] name.WARNING: Warning log [] []
[2022-07-05T05:25:39.310151+00:00] name.INFO: API Request Started. {"path":null} []
[2022-07-05T05:25:39.311218+00:00] name.CRITICAL: Debug log [] []
[2022-07-05T05:25:39.311276+00:00] name.ALERT: Error log [] []
[2022-07-05T05:25:39.311324+00:00] name.EMERGENCY: Warning log [] []
[2022-07-05T05:29:05.462188+00:00] name.INFO: API Request Started. {"path":null} []
[2022-07-05T05:29:05.463040+00:00] name.CRITICAL: Debug log [] []
[2022-07-05T05:29:05.463094+00:00] name.ALERT: Error log [] []
[2022-07-05T05:29:05.463140+00:00] name.EMERGENCY: Warning log [] []
[2022-07-05T05:32:52.875001+00:00] name.INFO: API Request Started. {"path":null} []
[2022-07-05T05:32:52.875995+00:00] name.CRITICAL: Debug log [] []
[2022-07-05T05:32:52.876055+00:00] name.ALERT: Error log [] []
[2022-07-05T05:32:52.876103+00:00] name.EMERGENCY: Warning log [] []
[2022-07-05T05:42:11.529061+00:00] name.INFO: API Request Started. {"path":null} []
[2022-07-05T05:42:11.533646+00:00] name.CRITICAL: Debug log [] []
[2022-07-05T05:42:11.534495+00:00] name.ALERT: Error log [] []
[2022-07-05T05:42:11.534564+00:00] name.EMERGENCY: Warning log [] []
[2022-07-05T05:42:51.947218+00:00] name.INFO: API Request Started. {"path":null} []
[2022-07-05T05:42:51.948050+00:00] name.CRITICAL: Debug log [] []
[2022-07-05T05:42:51.948102+00:00] name.ALERT: Error log [] []
[2022-07-05T05:42:51.948150+00:00] name.EMERGENCY: Warning log [] []
[2022-07-05T05:42:57.400725+00:00] name.INFO: API Request Started. {"path":null} []
[2022-07-05T05:42:57.401651+00:00] name.CRITICAL: Debug log [] []
[2022-07-05T05:42:57.401706+00:00] name.ALERT: Error log [] []
[2022-07-05T05:42:57.401754+00:00] name.EMERGENCY: Warning log [] []
